<?xml version="1.0" encoding="UTF-8"?>
<coverage generated="1658833810901" clover="3.2.0">
  <project timestamp="1658833810901" name="All files">
    <metrics statements="267" coveredstatements="176" conditionals="52" coveredconditionals="51" methods="150" coveredmethods="90" elements="469" coveredelements="317" complexity="0" loc="267" ncloc="267" packages="5" files="12" classes="12"/>
    <package name="cards">
      <metrics statements="160" coveredstatements="70" conditionals="0" coveredconditionals="0" methods="108" coveredmethods="48"/>
      <file name="cards.ts" path="/Users/williansnieves/Documents/development/practicas/pokerhand/src/lib/cards/cards.ts">
        <metrics statements="4" coveredstatements="4" conditionals="0" coveredconditionals="0" methods="4" coveredmethods="4"/>
        <line num="9" count="12" type="stmt"/>
        <line num="13" count="15" type="stmt"/>
        <line num="17" count="10" type="stmt"/>
        <line num="21" count="14" type="stmt"/>
      </file>
      <file name="clubs.ts" path="/Users/williansnieves/Documents/development/practicas/pokerhand/src/lib/cards/clubs.ts">
        <metrics statements="39" coveredstatements="18" conditionals="0" coveredconditionals="0" methods="26" coveredmethods="12"/>
        <line num="19" count="0" type="stmt"/>
        <line num="23" count="0" type="stmt"/>
        <line num="24" count="0" type="stmt"/>
        <line num="28" count="3" type="stmt"/>
        <line num="32" count="3" type="stmt"/>
        <line num="33" count="3" type="stmt"/>
        <line num="37" count="0" type="stmt"/>
        <line num="41" count="0" type="stmt"/>
        <line num="42" count="0" type="stmt"/>
        <line num="46" count="0" type="stmt"/>
        <line num="50" count="0" type="stmt"/>
        <line num="51" count="0" type="stmt"/>
        <line num="55" count="0" type="stmt"/>
        <line num="59" count="0" type="stmt"/>
        <line num="60" count="0" type="stmt"/>
        <line num="64" count="2" type="stmt"/>
        <line num="68" count="2" type="stmt"/>
        <line num="69" count="2" type="stmt"/>
        <line num="73" count="1" type="stmt"/>
        <line num="77" count="1" type="stmt"/>
        <line num="78" count="1" type="stmt"/>
        <line num="82" count="0" type="stmt"/>
        <line num="86" count="0" type="stmt"/>
        <line num="87" count="0" type="stmt"/>
        <line num="91" count="3" type="stmt"/>
        <line num="95" count="3" type="stmt"/>
        <line num="96" count="3" type="stmt"/>
        <line num="100" count="3" type="stmt"/>
        <line num="104" count="3" type="stmt"/>
        <line num="105" count="3" type="stmt"/>
        <line num="109" count="0" type="stmt"/>
        <line num="113" count="0" type="stmt"/>
        <line num="114" count="0" type="stmt"/>
        <line num="118" count="2" type="stmt"/>
        <line num="122" count="2" type="stmt"/>
        <line num="123" count="2" type="stmt"/>
        <line num="127" count="0" type="stmt"/>
        <line num="131" count="0" type="stmt"/>
        <line num="132" count="0" type="stmt"/>
      </file>
      <file name="diamonds.ts" path="/Users/williansnieves/Documents/development/practicas/pokerhand/src/lib/cards/diamonds.ts">
        <metrics statements="39" coveredstatements="12" conditionals="0" coveredconditionals="0" methods="26" coveredmethods="8"/>
        <line num="19" count="5" type="stmt"/>
        <line num="23" count="5" type="stmt"/>
        <line num="24" count="5" type="stmt"/>
        <line num="28" count="0" type="stmt"/>
        <line num="32" count="0" type="stmt"/>
        <line num="33" count="0" type="stmt"/>
        <line num="37" count="1" type="stmt"/>
        <line num="41" count="1" type="stmt"/>
        <line num="42" count="1" type="stmt"/>
        <line num="46" count="0" type="stmt"/>
        <line num="50" count="0" type="stmt"/>
        <line num="51" count="0" type="stmt"/>
        <line num="55" count="0" type="stmt"/>
        <line num="59" count="0" type="stmt"/>
        <line num="60" count="0" type="stmt"/>
        <line num="64" count="0" type="stmt"/>
        <line num="68" count="0" type="stmt"/>
        <line num="69" count="0" type="stmt"/>
        <line num="73" count="0" type="stmt"/>
        <line num="77" count="0" type="stmt"/>
        <line num="78" count="0" type="stmt"/>
        <line num="82" count="0" type="stmt"/>
        <line num="86" count="0" type="stmt"/>
        <line num="87" count="0" type="stmt"/>
        <line num="91" count="1" type="stmt"/>
        <line num="95" count="1" type="stmt"/>
        <line num="96" count="1" type="stmt"/>
        <line num="100" count="3" type="stmt"/>
        <line num="104" count="3" type="stmt"/>
        <line num="105" count="3" type="stmt"/>
        <line num="109" count="0" type="stmt"/>
        <line num="113" count="0" type="stmt"/>
        <line num="114" count="0" type="stmt"/>
        <line num="118" count="0" type="stmt"/>
        <line num="122" count="0" type="stmt"/>
        <line num="123" count="0" type="stmt"/>
        <line num="127" count="0" type="stmt"/>
        <line num="131" count="0" type="stmt"/>
        <line num="132" count="0" type="stmt"/>
      </file>
      <file name="hearts.ts" path="/Users/williansnieves/Documents/development/practicas/pokerhand/src/lib/cards/hearts.ts">
        <metrics statements="39" coveredstatements="18" conditionals="0" coveredconditionals="0" methods="26" coveredmethods="12"/>
        <line num="19" count="0" type="stmt"/>
        <line num="23" count="0" type="stmt"/>
        <line num="24" count="0" type="stmt"/>
        <line num="28" count="0" type="stmt"/>
        <line num="32" count="0" type="stmt"/>
        <line num="33" count="0" type="stmt"/>
        <line num="37" count="5" type="stmt"/>
        <line num="41" count="5" type="stmt"/>
        <line num="42" count="5" type="stmt"/>
        <line num="46" count="1" type="stmt"/>
        <line num="50" count="1" type="stmt"/>
        <line num="51" count="1" type="stmt"/>
        <line num="55" count="0" type="stmt"/>
        <line num="59" count="0" type="stmt"/>
        <line num="60" count="0" type="stmt"/>
        <line num="64" count="1" type="stmt"/>
        <line num="68" count="1" type="stmt"/>
        <line num="69" count="1" type="stmt"/>
        <line num="73" count="0" type="stmt"/>
        <line num="77" count="0" type="stmt"/>
        <line num="78" count="0" type="stmt"/>
        <line num="82" count="0" type="stmt"/>
        <line num="86" count="0" type="stmt"/>
        <line num="87" count="0" type="stmt"/>
        <line num="91" count="2" type="stmt"/>
        <line num="95" count="2" type="stmt"/>
        <line num="96" count="2" type="stmt"/>
        <line num="100" count="0" type="stmt"/>
        <line num="104" count="0" type="stmt"/>
        <line num="105" count="0" type="stmt"/>
        <line num="109" count="4" type="stmt"/>
        <line num="113" count="4" type="stmt"/>
        <line num="114" count="4" type="stmt"/>
        <line num="118" count="2" type="stmt"/>
        <line num="122" count="2" type="stmt"/>
        <line num="123" count="2" type="stmt"/>
        <line num="127" count="0" type="stmt"/>
        <line num="131" count="0" type="stmt"/>
        <line num="132" count="0" type="stmt"/>
      </file>
      <file name="spades.ts" path="/Users/williansnieves/Documents/development/practicas/pokerhand/src/lib/cards/spades.ts">
        <metrics statements="39" coveredstatements="18" conditionals="0" coveredconditionals="0" methods="26" coveredmethods="12"/>
        <line num="19" count="0" type="stmt"/>
        <line num="23" count="0" type="stmt"/>
        <line num="24" count="0" type="stmt"/>
        <line num="28" count="1" type="stmt"/>
        <line num="32" count="1" type="stmt"/>
        <line num="33" count="1" type="stmt"/>
        <line num="37" count="0" type="stmt"/>
        <line num="41" count="0" type="stmt"/>
        <line num="42" count="0" type="stmt"/>
        <line num="46" count="3" type="stmt"/>
        <line num="50" count="3" type="stmt"/>
        <line num="51" count="3" type="stmt"/>
        <line num="55" count="1" type="stmt"/>
        <line num="59" count="1" type="stmt"/>
        <line num="60" count="1" type="stmt"/>
        <line num="64" count="3" type="stmt"/>
        <line num="68" count="3" type="stmt"/>
        <line num="69" count="3" type="stmt"/>
        <line num="73" count="0" type="stmt"/>
        <line num="77" count="0" type="stmt"/>
        <line num="78" count="0" type="stmt"/>
        <line num="82" count="0" type="stmt"/>
        <line num="86" count="0" type="stmt"/>
        <line num="87" count="0" type="stmt"/>
        <line num="91" count="2" type="stmt"/>
        <line num="95" count="2" type="stmt"/>
        <line num="96" count="2" type="stmt"/>
        <line num="100" count="0" type="stmt"/>
        <line num="104" count="0" type="stmt"/>
        <line num="105" count="0" type="stmt"/>
        <line num="109" count="2" type="stmt"/>
        <line num="113" count="2" type="stmt"/>
        <line num="114" count="2" type="stmt"/>
        <line num="118" count="0" type="stmt"/>
        <line num="122" count="0" type="stmt"/>
        <line num="123" count="0" type="stmt"/>
        <line num="127" count="0" type="stmt"/>
        <line num="131" count="0" type="stmt"/>
        <line num="132" count="0" type="stmt"/>
      </file>
    </package>
    <package name="game">
      <metrics statements="71" coveredstatements="71" conditionals="44" coveredconditionals="44" methods="24" coveredmethods="24"/>
      <file name="poker-hand-rules.ts" path="/Users/williansnieves/Documents/development/practicas/pokerhand/src/lib/game/poker-hand-rules.ts">
        <metrics statements="27" coveredstatements="27" conditionals="12" coveredconditionals="12" methods="16" coveredmethods="16"/>
        <line num="11" count="32" type="stmt"/>
        <line num="12" count="160" type="stmt"/>
        <line num="15" count="32" type="stmt"/>
        <line num="22" count="19" type="stmt"/>
        <line num="23" count="19" type="stmt"/>
        <line num="25" count="78" type="cond" truecount="2" falsecount="0"/>
        <line num="26" count="2" type="stmt"/>
        <line num="28" count="78" type="stmt"/>
        <line num="34" count="56" type="stmt"/>
        <line num="38" count="22" type="stmt"/>
        <line num="39" count="77" type="stmt"/>
        <line num="44" count="88" type="cond" truecount="2" falsecount="0"/>
        <line num="45" count="48" type="stmt"/>
        <line num="48" count="11" type="stmt"/>
        <line num="52" count="26" type="stmt"/>
        <line num="53" count="26" type="stmt"/>
        <line num="55" count="101" type="cond" truecount="2" falsecount="0"/>
        <line num="56" count="1" type="stmt"/>
        <line num="58" count="101" type="stmt"/>
        <line num="64" count="28" type="cond" truecount="2" falsecount="0"/>
        <line num="65" count="3" type="stmt"/>
        <line num="66" count="6" type="stmt"/>
        <line num="70" count="25" type="stmt"/>
        <line num="74" count="29" type="cond" truecount="4" falsecount="0"/>
        <line num="75" count="1" type="stmt"/>
        <line num="76" count="1" type="stmt"/>
        <line num="80" count="28" type="stmt"/>
      </file>
      <file name="poker-hand.ts" path="/Users/williansnieves/Documents/development/practicas/pokerhand/src/lib/game/poker-hand.ts">
        <metrics statements="44" coveredstatements="44" conditionals="32" coveredconditionals="32" methods="8" coveredmethods="8"/>
        <line num="11" count="43" type="stmt"/>
        <line num="12" count="43" type="stmt"/>
        <line num="16" count="6" type="stmt"/>
        <line num="18" count="6" type="stmt"/>
        <line num="19" count="30" type="cond" truecount="2" falsecount="0"/>
        <line num="20" count="15" type="stmt"/>
        <line num="24" count="6" type="stmt"/>
        <line num="31" count="11" type="cond" truecount="2" falsecount="0"/>
        <line num="32" count="7" type="stmt"/>
        <line num="33" count="4" type="cond" truecount="2" falsecount="0"/>
        <line num="34" count="3" type="stmt"/>
        <line num="36" count="1" type="stmt"/>
        <line num="44" count="3" type="cond" truecount="2" falsecount="0"/>
        <line num="45" count="1" type="stmt"/>
        <line num="46" count="2" type="cond" truecount="2" falsecount="0"/>
        <line num="47" count="1" type="stmt"/>
        <line num="49" count="1" type="stmt"/>
        <line num="54" count="14" type="stmt"/>
        <line num="55" count="14" type="stmt"/>
        <line num="57" count="14" type="stmt"/>
        <line num="60" count="14" type="stmt"/>
        <line num="64" count="14" type="cond" truecount="4" falsecount="0"/>
        <line num="65" count="3" type="stmt"/>
        <line num="71" count="11" type="stmt"/>
        <line num="78" count="29" type="cond" truecount="2" falsecount="0"/>
        <line num="79" count="1" type="stmt"/>
        <line num="82" count="28" type="cond" truecount="2" falsecount="0"/>
        <line num="83" count="2" type="stmt"/>
        <line num="86" count="26" type="cond" truecount="2" falsecount="0"/>
        <line num="87" count="1" type="stmt"/>
        <line num="90" count="25" type="cond" truecount="2" falsecount="0"/>
        <line num="91" count="3" type="stmt"/>
        <line num="94" count="22" type="cond" truecount="2" falsecount="0"/>
        <line num="95" count="2" type="stmt"/>
        <line num="98" count="20" type="cond" truecount="2" falsecount="0"/>
        <line num="99" count="1" type="stmt"/>
        <line num="102" count="19" type="cond" truecount="2" falsecount="0"/>
        <line num="103" count="2" type="stmt"/>
        <line num="106" count="17" type="cond" truecount="2" falsecount="0"/>
        <line num="107" count="2" type="stmt"/>
        <line num="110" count="15" type="cond" truecount="2" falsecount="0"/>
        <line num="111" count="6" type="stmt"/>
        <line num="114" count="9" type="stmt"/>
        <line num="118" count="28" type="stmt"/>
      </file>
    </package>
    <package name="game.data">
      <metrics statements="1" coveredstatements="1" conditionals="0" coveredconditionals="0" methods="0" coveredmethods="0"/>
      <file name="card-values.ts" path="/Users/williansnieves/Documents/development/practicas/pokerhand/src/lib/game/data/card-values.ts">
        <metrics statements="1" coveredstatements="1" conditionals="0" coveredconditionals="0" methods="0" coveredmethods="0"/>
        <line num="1" count="2" type="stmt"/>
      </file>
      <file name="type-of-hands.ts" path="/Users/williansnieves/Documents/development/practicas/pokerhand/src/lib/game/data/type-of-hands.ts">
        <metrics statements="0" coveredstatements="0" conditionals="0" coveredconditionals="0" methods="0" coveredmethods="0"/>
      </file>
    </package>
    <package name="game.enums">
      <metrics statements="0" coveredstatements="0" conditionals="0" coveredconditionals="0" methods="0" coveredmethods="0"/>
      <file name="result.ts" path="/Users/williansnieves/Documents/development/practicas/pokerhand/src/lib/game/enums/result.ts">
        <metrics statements="0" coveredstatements="0" conditionals="0" coveredconditionals="0" methods="0" coveredmethods="0"/>
      </file>
    </package>
    <package name="game.helpers">
      <metrics statements="35" coveredstatements="34" conditionals="8" coveredconditionals="7" methods="18" coveredmethods="18"/>
      <file name="cards.ts" path="/Users/williansnieves/Documents/development/practicas/pokerhand/src/lib/game/helpers/cards.ts">
        <metrics statements="32" coveredstatements="31" conditionals="8" coveredconditionals="7" methods="17" coveredmethods="17"/>
        <line num="5" count="2" type="stmt"/>
        <line num="6" count="236" type="stmt"/>
        <line num="9" count="2" type="stmt"/>
        <line num="10" count="207" type="stmt"/>
        <line num="11" count="1035" type="stmt"/>
        <line num="14" count="2" type="stmt"/>
        <line num="15" count="26" type="stmt"/>
        <line num="16" count="130" type="stmt"/>
        <line num="19" count="2" type="stmt"/>
        <line num="20" count="1" type="cond" truecount="1" falsecount="1"/>
        <line num="21" count="1" type="stmt"/>
        <line num="24" count="0" type="stmt"/>
        <line num="27" count="2" type="stmt"/>
        <line num="28" count="2" type="cond" truecount="2" falsecount="0"/>
        <line num="29" count="1" type="stmt"/>
        <line num="32" count="1" type="stmt"/>
        <line num="35" count="2" type="stmt"/>
        <line num="36" count="84" type="stmt"/>
        <line num="37" count="420" type="cond" truecount="2" falsecount="0"/>
        <line num="38" count="420" type="stmt"/>
        <line num="42" count="2" type="stmt"/>
        <line num="43" count="56" type="stmt"/>
        <line num="44" count="280" type="stmt"/>
        <line num="46" count="243" type="stmt"/>
        <line num="49" count="365" type="stmt"/>
        <line num="51" count="56" type="stmt"/>
        <line num="52" count="187" type="stmt"/>
        <line num="55" count="71" type="stmt"/>
        <line num="58" count="2" type="stmt"/>
        <line num="59" count="26" type="stmt"/>
        <line num="60" count="130" type="cond" truecount="2" falsecount="0"/>
        <line num="61" count="130" type="stmt"/>
      </file>
      <file name="utils.ts" path="/Users/williansnieves/Documents/development/practicas/pokerhand/src/lib/game/helpers/utils.ts">
        <metrics statements="3" coveredstatements="3" conditionals="0" coveredconditionals="0" methods="1" coveredmethods="1"/>
        <line num="1" count="2" type="stmt"/>
        <line num="2" count="1" type="stmt"/>
        <line num="3" count="1" type="stmt"/>
      </file>
    </package>
  </project>
</coverage>
