{"/Users/williansnieves/Documents/development/practicas/pokerhand/src/lib/cards/cards.ts": {"path":"/Users/williansnieves/Documents/development/practicas/pokerhand/src/lib/cards/cards.ts","statementMap":{"0":{"start":{"line":9,"column":4},"end":{"line":9,"column":24}},"1":{"start":{"line":13,"column":4},"end":{"line":13,"column":24}},"2":{"start":{"line":17,"column":4},"end":{"line":17,"column":26}},"3":{"start":{"line":21,"column":4},"end":{"line":21,"column":23}}},"fnMap":{"0":{"name":"(anonymous_0)","decl":{"start":{"line":8,"column":2},"end":{"line":8,"column":3}},"loc":{"start":{"line":8,"column":25},"end":{"line":10,"column":3}},"line":8},"1":{"name":"(anonymous_1)","decl":{"start":{"line":12,"column":2},"end":{"line":12,"column":3}},"loc":{"start":{"line":12,"column":25},"end":{"line":14,"column":3}},"line":12},"2":{"name":"(anonymous_2)","decl":{"start":{"line":16,"column":2},"end":{"line":16,"column":3}},"loc":{"start":{"line":16,"column":29},"end":{"line":18,"column":3}},"line":16},"3":{"name":"(anonymous_3)","decl":{"start":{"line":20,"column":2},"end":{"line":20,"column":3}},"loc":{"start":{"line":20,"column":23},"end":{"line":22,"column":3}},"line":20}},"branchMap":{},"s":{"0":12,"1":15,"2":10,"3":14},"f":{"0":12,"1":15,"2":10,"3":14},"b":{},"_coverageSchema":"1a1c01bbd47fc00a2c39e90264f33305004495a9","hash":"1ca4129ebc133972d778b1191c95d06e4e786bb2"}
,"/Users/williansnieves/Documents/development/practicas/pokerhand/src/lib/cards/clubs.ts": {"path":"/Users/williansnieves/Documents/development/practicas/pokerhand/src/lib/cards/clubs.ts","statementMap":{"0":{"start":{"line":19,"column":4},"end":{"line":19,"column":27}},"1":{"start":{"line":23,"column":4},"end":{"line":23,"column":25}},"2":{"start":{"line":24,"column":4},"end":{"line":24,"column":26}},"3":{"start":{"line":28,"column":4},"end":{"line":28,"column":29}},"4":{"start":{"line":32,"column":4},"end":{"line":32,"column":27}},"5":{"start":{"line":33,"column":4},"end":{"line":33,"column":28}},"6":{"start":{"line":37,"column":4},"end":{"line":37,"column":28}},"7":{"start":{"line":41,"column":4},"end":{"line":41,"column":26}},"8":{"start":{"line":42,"column":4},"end":{"line":42,"column":27}},"9":{"start":{"line":46,"column":4},"end":{"line":46,"column":28}},"10":{"start":{"line":50,"column":4},"end":{"line":50,"column":26}},"11":{"start":{"line":51,"column":4},"end":{"line":51,"column":27}},"12":{"start":{"line":55,"column":4},"end":{"line":55,"column":27}},"13":{"start":{"line":59,"column":4},"end":{"line":59,"column":25}},"14":{"start":{"line":60,"column":4},"end":{"line":60,"column":26}},"15":{"start":{"line":64,"column":4},"end":{"line":64,"column":29}},"16":{"start":{"line":68,"column":4},"end":{"line":68,"column":27}},"17":{"start":{"line":69,"column":4},"end":{"line":69,"column":28}},"18":{"start":{"line":73,"column":4},"end":{"line":73,"column":29}},"19":{"start":{"line":77,"column":4},"end":{"line":77,"column":27}},"20":{"start":{"line":78,"column":4},"end":{"line":78,"column":28}},"21":{"start":{"line":82,"column":4},"end":{"line":82,"column":28}},"22":{"start":{"line":86,"column":4},"end":{"line":86,"column":26}},"23":{"start":{"line":87,"column":4},"end":{"line":87,"column":27}},"24":{"start":{"line":91,"column":4},"end":{"line":91,"column":27}},"25":{"start":{"line":95,"column":4},"end":{"line":95,"column":25}},"26":{"start":{"line":96,"column":4},"end":{"line":96,"column":26}},"27":{"start":{"line":100,"column":4},"end":{"line":100,"column":28}},"28":{"start":{"line":104,"column":4},"end":{"line":104,"column":26}},"29":{"start":{"line":105,"column":4},"end":{"line":105,"column":27}},"30":{"start":{"line":109,"column":4},"end":{"line":109,"column":29}},"31":{"start":{"line":113,"column":4},"end":{"line":113,"column":27}},"32":{"start":{"line":114,"column":4},"end":{"line":114,"column":28}},"33":{"start":{"line":118,"column":4},"end":{"line":118,"column":28}},"34":{"start":{"line":122,"column":4},"end":{"line":122,"column":26}},"35":{"start":{"line":123,"column":4},"end":{"line":123,"column":27}},"36":{"start":{"line":127,"column":4},"end":{"line":127,"column":27}},"37":{"start":{"line":131,"column":4},"end":{"line":131,"column":25}},"38":{"start":{"line":132,"column":4},"end":{"line":132,"column":26}}},"fnMap":{"0":{"name":"(anonymous_0)","decl":{"start":{"line":18,"column":2},"end":{"line":18,"column":3}},"loc":{"start":{"line":18,"column":30},"end":{"line":20,"column":3}},"line":18},"1":{"name":"(anonymous_1)","decl":{"start":{"line":22,"column":2},"end":{"line":22,"column":3}},"loc":{"start":{"line":22,"column":25},"end":{"line":25,"column":3}},"line":22},"2":{"name":"(anonymous_2)","decl":{"start":{"line":27,"column":2},"end":{"line":27,"column":3}},"loc":{"start":{"line":27,"column":32},"end":{"line":29,"column":3}},"line":27},"3":{"name":"(anonymous_3)","decl":{"start":{"line":31,"column":2},"end":{"line":31,"column":3}},"loc":{"start":{"line":31,"column":27},"end":{"line":34,"column":3}},"line":31},"4":{"name":"(anonymous_4)","decl":{"start":{"line":36,"column":2},"end":{"line":36,"column":3}},"loc":{"start":{"line":36,"column":31},"end":{"line":38,"column":3}},"line":36},"5":{"name":"(anonymous_5)","decl":{"start":{"line":40,"column":2},"end":{"line":40,"column":3}},"loc":{"start":{"line":40,"column":26},"end":{"line":43,"column":3}},"line":40},"6":{"name":"(anonymous_6)","decl":{"start":{"line":45,"column":2},"end":{"line":45,"column":3}},"loc":{"start":{"line":45,"column":31},"end":{"line":47,"column":3}},"line":45},"7":{"name":"(anonymous_7)","decl":{"start":{"line":49,"column":2},"end":{"line":49,"column":3}},"loc":{"start":{"line":49,"column":26},"end":{"line":52,"column":3}},"line":49},"8":{"name":"(anonymous_8)","decl":{"start":{"line":54,"column":2},"end":{"line":54,"column":3}},"loc":{"start":{"line":54,"column":30},"end":{"line":56,"column":3}},"line":54},"9":{"name":"(anonymous_9)","decl":{"start":{"line":58,"column":2},"end":{"line":58,"column":3}},"loc":{"start":{"line":58,"column":25},"end":{"line":61,"column":3}},"line":58},"10":{"name":"(anonymous_10)","decl":{"start":{"line":63,"column":2},"end":{"line":63,"column":3}},"loc":{"start":{"line":63,"column":32},"end":{"line":65,"column":3}},"line":63},"11":{"name":"(anonymous_11)","decl":{"start":{"line":67,"column":2},"end":{"line":67,"column":3}},"loc":{"start":{"line":67,"column":27},"end":{"line":70,"column":3}},"line":67},"12":{"name":"(anonymous_12)","decl":{"start":{"line":72,"column":2},"end":{"line":72,"column":3}},"loc":{"start":{"line":72,"column":32},"end":{"line":74,"column":3}},"line":72},"13":{"name":"(anonymous_13)","decl":{"start":{"line":76,"column":2},"end":{"line":76,"column":3}},"loc":{"start":{"line":76,"column":27},"end":{"line":79,"column":3}},"line":76},"14":{"name":"(anonymous_14)","decl":{"start":{"line":81,"column":2},"end":{"line":81,"column":3}},"loc":{"start":{"line":81,"column":31},"end":{"line":83,"column":3}},"line":81},"15":{"name":"(anonymous_15)","decl":{"start":{"line":85,"column":2},"end":{"line":85,"column":3}},"loc":{"start":{"line":85,"column":26},"end":{"line":88,"column":3}},"line":85},"16":{"name":"(anonymous_16)","decl":{"start":{"line":90,"column":2},"end":{"line":90,"column":3}},"loc":{"start":{"line":90,"column":30},"end":{"line":92,"column":3}},"line":90},"17":{"name":"(anonymous_17)","decl":{"start":{"line":94,"column":2},"end":{"line":94,"column":3}},"loc":{"start":{"line":94,"column":25},"end":{"line":97,"column":3}},"line":94},"18":{"name":"(anonymous_18)","decl":{"start":{"line":99,"column":2},"end":{"line":99,"column":3}},"loc":{"start":{"line":99,"column":31},"end":{"line":101,"column":3}},"line":99},"19":{"name":"(anonymous_19)","decl":{"start":{"line":103,"column":2},"end":{"line":103,"column":3}},"loc":{"start":{"line":103,"column":26},"end":{"line":106,"column":3}},"line":103},"20":{"name":"(anonymous_20)","decl":{"start":{"line":108,"column":2},"end":{"line":108,"column":3}},"loc":{"start":{"line":108,"column":32},"end":{"line":110,"column":3}},"line":108},"21":{"name":"(anonymous_21)","decl":{"start":{"line":112,"column":2},"end":{"line":112,"column":3}},"loc":{"start":{"line":112,"column":27},"end":{"line":115,"column":3}},"line":112},"22":{"name":"(anonymous_22)","decl":{"start":{"line":117,"column":2},"end":{"line":117,"column":3}},"loc":{"start":{"line":117,"column":31},"end":{"line":119,"column":3}},"line":117},"23":{"name":"(anonymous_23)","decl":{"start":{"line":121,"column":2},"end":{"line":121,"column":3}},"loc":{"start":{"line":121,"column":26},"end":{"line":124,"column":3}},"line":121},"24":{"name":"(anonymous_24)","decl":{"start":{"line":126,"column":2},"end":{"line":126,"column":3}},"loc":{"start":{"line":126,"column":30},"end":{"line":128,"column":3}},"line":126},"25":{"name":"(anonymous_25)","decl":{"start":{"line":130,"column":2},"end":{"line":130,"column":3}},"loc":{"start":{"line":130,"column":25},"end":{"line":133,"column":3}},"line":130}},"branchMap":{},"s":{"0":0,"1":0,"2":0,"3":3,"4":3,"5":3,"6":0,"7":0,"8":0,"9":0,"10":0,"11":0,"12":0,"13":0,"14":0,"15":2,"16":2,"17":2,"18":1,"19":1,"20":1,"21":0,"22":0,"23":0,"24":3,"25":3,"26":3,"27":3,"28":3,"29":3,"30":0,"31":0,"32":0,"33":2,"34":2,"35":2,"36":0,"37":0,"38":0},"f":{"0":0,"1":0,"2":3,"3":3,"4":0,"5":0,"6":0,"7":0,"8":0,"9":0,"10":2,"11":2,"12":1,"13":1,"14":0,"15":0,"16":3,"17":3,"18":3,"19":3,"20":0,"21":0,"22":2,"23":2,"24":0,"25":0},"b":{},"_coverageSchema":"1a1c01bbd47fc00a2c39e90264f33305004495a9","hash":"df63c8af6266834fd253ca38b288307ce925d54d"}
,"/Users/williansnieves/Documents/development/practicas/pokerhand/src/lib/cards/diamonds.ts": {"path":"/Users/williansnieves/Documents/development/practicas/pokerhand/src/lib/cards/diamonds.ts","statementMap":{"0":{"start":{"line":19,"column":4},"end":{"line":19,"column":30}},"1":{"start":{"line":23,"column":4},"end":{"line":23,"column":28}},"2":{"start":{"line":24,"column":4},"end":{"line":24,"column":29}},"3":{"start":{"line":28,"column":4},"end":{"line":28,"column":32}},"4":{"start":{"line":32,"column":4},"end":{"line":32,"column":30}},"5":{"start":{"line":33,"column":4},"end":{"line":33,"column":31}},"6":{"start":{"line":37,"column":4},"end":{"line":37,"column":31}},"7":{"start":{"line":41,"column":4},"end":{"line":41,"column":29}},"8":{"start":{"line":42,"column":4},"end":{"line":42,"column":30}},"9":{"start":{"line":46,"column":4},"end":{"line":46,"column":31}},"10":{"start":{"line":50,"column":4},"end":{"line":50,"column":29}},"11":{"start":{"line":51,"column":4},"end":{"line":51,"column":30}},"12":{"start":{"line":55,"column":4},"end":{"line":55,"column":30}},"13":{"start":{"line":59,"column":4},"end":{"line":59,"column":28}},"14":{"start":{"line":60,"column":4},"end":{"line":60,"column":29}},"15":{"start":{"line":64,"column":4},"end":{"line":64,"column":32}},"16":{"start":{"line":68,"column":4},"end":{"line":68,"column":30}},"17":{"start":{"line":69,"column":4},"end":{"line":69,"column":31}},"18":{"start":{"line":73,"column":4},"end":{"line":73,"column":32}},"19":{"start":{"line":77,"column":4},"end":{"line":77,"column":30}},"20":{"start":{"line":78,"column":4},"end":{"line":78,"column":31}},"21":{"start":{"line":82,"column":4},"end":{"line":82,"column":31}},"22":{"start":{"line":86,"column":4},"end":{"line":86,"column":29}},"23":{"start":{"line":87,"column":4},"end":{"line":87,"column":30}},"24":{"start":{"line":91,"column":4},"end":{"line":91,"column":30}},"25":{"start":{"line":95,"column":4},"end":{"line":95,"column":28}},"26":{"start":{"line":96,"column":4},"end":{"line":96,"column":29}},"27":{"start":{"line":100,"column":4},"end":{"line":100,"column":31}},"28":{"start":{"line":104,"column":4},"end":{"line":104,"column":29}},"29":{"start":{"line":105,"column":4},"end":{"line":105,"column":30}},"30":{"start":{"line":109,"column":4},"end":{"line":109,"column":32}},"31":{"start":{"line":113,"column":4},"end":{"line":113,"column":30}},"32":{"start":{"line":114,"column":4},"end":{"line":114,"column":31}},"33":{"start":{"line":118,"column":4},"end":{"line":118,"column":31}},"34":{"start":{"line":122,"column":4},"end":{"line":122,"column":29}},"35":{"start":{"line":123,"column":4},"end":{"line":123,"column":30}},"36":{"start":{"line":127,"column":4},"end":{"line":127,"column":30}},"37":{"start":{"line":131,"column":4},"end":{"line":131,"column":28}},"38":{"start":{"line":132,"column":4},"end":{"line":132,"column":29}}},"fnMap":{"0":{"name":"(anonymous_0)","decl":{"start":{"line":18,"column":2},"end":{"line":18,"column":3}},"loc":{"start":{"line":18,"column":33},"end":{"line":20,"column":3}},"line":18},"1":{"name":"(anonymous_1)","decl":{"start":{"line":22,"column":2},"end":{"line":22,"column":3}},"loc":{"start":{"line":22,"column":28},"end":{"line":25,"column":3}},"line":22},"2":{"name":"(anonymous_2)","decl":{"start":{"line":27,"column":2},"end":{"line":27,"column":3}},"loc":{"start":{"line":27,"column":35},"end":{"line":29,"column":3}},"line":27},"3":{"name":"(anonymous_3)","decl":{"start":{"line":31,"column":2},"end":{"line":31,"column":3}},"loc":{"start":{"line":31,"column":30},"end":{"line":34,"column":3}},"line":31},"4":{"name":"(anonymous_4)","decl":{"start":{"line":36,"column":2},"end":{"line":36,"column":3}},"loc":{"start":{"line":36,"column":34},"end":{"line":38,"column":3}},"line":36},"5":{"name":"(anonymous_5)","decl":{"start":{"line":40,"column":2},"end":{"line":40,"column":3}},"loc":{"start":{"line":40,"column":29},"end":{"line":43,"column":3}},"line":40},"6":{"name":"(anonymous_6)","decl":{"start":{"line":45,"column":2},"end":{"line":45,"column":3}},"loc":{"start":{"line":45,"column":34},"end":{"line":47,"column":3}},"line":45},"7":{"name":"(anonymous_7)","decl":{"start":{"line":49,"column":2},"end":{"line":49,"column":3}},"loc":{"start":{"line":49,"column":29},"end":{"line":52,"column":3}},"line":49},"8":{"name":"(anonymous_8)","decl":{"start":{"line":54,"column":2},"end":{"line":54,"column":3}},"loc":{"start":{"line":54,"column":33},"end":{"line":56,"column":3}},"line":54},"9":{"name":"(anonymous_9)","decl":{"start":{"line":58,"column":2},"end":{"line":58,"column":3}},"loc":{"start":{"line":58,"column":28},"end":{"line":61,"column":3}},"line":58},"10":{"name":"(anonymous_10)","decl":{"start":{"line":63,"column":2},"end":{"line":63,"column":3}},"loc":{"start":{"line":63,"column":35},"end":{"line":65,"column":3}},"line":63},"11":{"name":"(anonymous_11)","decl":{"start":{"line":67,"column":2},"end":{"line":67,"column":3}},"loc":{"start":{"line":67,"column":30},"end":{"line":70,"column":3}},"line":67},"12":{"name":"(anonymous_12)","decl":{"start":{"line":72,"column":2},"end":{"line":72,"column":3}},"loc":{"start":{"line":72,"column":35},"end":{"line":74,"column":3}},"line":72},"13":{"name":"(anonymous_13)","decl":{"start":{"line":76,"column":2},"end":{"line":76,"column":3}},"loc":{"start":{"line":76,"column":30},"end":{"line":79,"column":3}},"line":76},"14":{"name":"(anonymous_14)","decl":{"start":{"line":81,"column":2},"end":{"line":81,"column":3}},"loc":{"start":{"line":81,"column":34},"end":{"line":83,"column":3}},"line":81},"15":{"name":"(anonymous_15)","decl":{"start":{"line":85,"column":2},"end":{"line":85,"column":3}},"loc":{"start":{"line":85,"column":29},"end":{"line":88,"column":3}},"line":85},"16":{"name":"(anonymous_16)","decl":{"start":{"line":90,"column":2},"end":{"line":90,"column":3}},"loc":{"start":{"line":90,"column":33},"end":{"line":92,"column":3}},"line":90},"17":{"name":"(anonymous_17)","decl":{"start":{"line":94,"column":2},"end":{"line":94,"column":3}},"loc":{"start":{"line":94,"column":28},"end":{"line":97,"column":3}},"line":94},"18":{"name":"(anonymous_18)","decl":{"start":{"line":99,"column":2},"end":{"line":99,"column":3}},"loc":{"start":{"line":99,"column":34},"end":{"line":101,"column":3}},"line":99},"19":{"name":"(anonymous_19)","decl":{"start":{"line":103,"column":2},"end":{"line":103,"column":3}},"loc":{"start":{"line":103,"column":29},"end":{"line":106,"column":3}},"line":103},"20":{"name":"(anonymous_20)","decl":{"start":{"line":108,"column":2},"end":{"line":108,"column":3}},"loc":{"start":{"line":108,"column":35},"end":{"line":110,"column":3}},"line":108},"21":{"name":"(anonymous_21)","decl":{"start":{"line":112,"column":2},"end":{"line":112,"column":3}},"loc":{"start":{"line":112,"column":30},"end":{"line":115,"column":3}},"line":112},"22":{"name":"(anonymous_22)","decl":{"start":{"line":117,"column":2},"end":{"line":117,"column":3}},"loc":{"start":{"line":117,"column":34},"end":{"line":119,"column":3}},"line":117},"23":{"name":"(anonymous_23)","decl":{"start":{"line":121,"column":2},"end":{"line":121,"column":3}},"loc":{"start":{"line":121,"column":29},"end":{"line":124,"column":3}},"line":121},"24":{"name":"(anonymous_24)","decl":{"start":{"line":126,"column":2},"end":{"line":126,"column":3}},"loc":{"start":{"line":126,"column":33},"end":{"line":128,"column":3}},"line":126},"25":{"name":"(anonymous_25)","decl":{"start":{"line":130,"column":2},"end":{"line":130,"column":3}},"loc":{"start":{"line":130,"column":28},"end":{"line":133,"column":3}},"line":130}},"branchMap":{},"s":{"0":5,"1":5,"2":5,"3":0,"4":0,"5":0,"6":1,"7":1,"8":1,"9":0,"10":0,"11":0,"12":0,"13":0,"14":0,"15":0,"16":0,"17":0,"18":0,"19":0,"20":0,"21":0,"22":0,"23":0,"24":1,"25":1,"26":1,"27":3,"28":3,"29":3,"30":0,"31":0,"32":0,"33":0,"34":0,"35":0,"36":0,"37":0,"38":0},"f":{"0":5,"1":5,"2":0,"3":0,"4":1,"5":1,"6":0,"7":0,"8":0,"9":0,"10":0,"11":0,"12":0,"13":0,"14":0,"15":0,"16":1,"17":1,"18":3,"19":3,"20":0,"21":0,"22":0,"23":0,"24":0,"25":0},"b":{},"_coverageSchema":"1a1c01bbd47fc00a2c39e90264f33305004495a9","hash":"d15d02a6b3b76771079f25b6ac121c4733242f1a"}
,"/Users/williansnieves/Documents/development/practicas/pokerhand/src/lib/cards/hearts.ts": {"path":"/Users/williansnieves/Documents/development/practicas/pokerhand/src/lib/cards/hearts.ts","statementMap":{"0":{"start":{"line":19,"column":4},"end":{"line":19,"column":28}},"1":{"start":{"line":23,"column":4},"end":{"line":23,"column":26}},"2":{"start":{"line":24,"column":4},"end":{"line":24,"column":27}},"3":{"start":{"line":28,"column":4},"end":{"line":28,"column":30}},"4":{"start":{"line":32,"column":4},"end":{"line":32,"column":28}},"5":{"start":{"line":33,"column":4},"end":{"line":33,"column":29}},"6":{"start":{"line":37,"column":4},"end":{"line":37,"column":29}},"7":{"start":{"line":41,"column":4},"end":{"line":41,"column":27}},"8":{"start":{"line":42,"column":4},"end":{"line":42,"column":28}},"9":{"start":{"line":46,"column":4},"end":{"line":46,"column":29}},"10":{"start":{"line":50,"column":4},"end":{"line":50,"column":27}},"11":{"start":{"line":51,"column":4},"end":{"line":51,"column":28}},"12":{"start":{"line":55,"column":4},"end":{"line":55,"column":28}},"13":{"start":{"line":59,"column":4},"end":{"line":59,"column":26}},"14":{"start":{"line":60,"column":4},"end":{"line":60,"column":27}},"15":{"start":{"line":64,"column":4},"end":{"line":64,"column":30}},"16":{"start":{"line":68,"column":4},"end":{"line":68,"column":28}},"17":{"start":{"line":69,"column":4},"end":{"line":69,"column":29}},"18":{"start":{"line":73,"column":4},"end":{"line":73,"column":30}},"19":{"start":{"line":77,"column":4},"end":{"line":77,"column":28}},"20":{"start":{"line":78,"column":4},"end":{"line":78,"column":29}},"21":{"start":{"line":82,"column":4},"end":{"line":82,"column":29}},"22":{"start":{"line":86,"column":4},"end":{"line":86,"column":27}},"23":{"start":{"line":87,"column":4},"end":{"line":87,"column":28}},"24":{"start":{"line":91,"column":4},"end":{"line":91,"column":28}},"25":{"start":{"line":95,"column":4},"end":{"line":95,"column":26}},"26":{"start":{"line":96,"column":4},"end":{"line":96,"column":27}},"27":{"start":{"line":100,"column":4},"end":{"line":100,"column":29}},"28":{"start":{"line":104,"column":4},"end":{"line":104,"column":27}},"29":{"start":{"line":105,"column":4},"end":{"line":105,"column":28}},"30":{"start":{"line":109,"column":4},"end":{"line":109,"column":30}},"31":{"start":{"line":113,"column":4},"end":{"line":113,"column":28}},"32":{"start":{"line":114,"column":4},"end":{"line":114,"column":29}},"33":{"start":{"line":118,"column":4},"end":{"line":118,"column":29}},"34":{"start":{"line":122,"column":4},"end":{"line":122,"column":27}},"35":{"start":{"line":123,"column":4},"end":{"line":123,"column":28}},"36":{"start":{"line":127,"column":4},"end":{"line":127,"column":28}},"37":{"start":{"line":131,"column":4},"end":{"line":131,"column":26}},"38":{"start":{"line":132,"column":4},"end":{"line":132,"column":27}}},"fnMap":{"0":{"name":"(anonymous_0)","decl":{"start":{"line":18,"column":2},"end":{"line":18,"column":3}},"loc":{"start":{"line":18,"column":31},"end":{"line":20,"column":3}},"line":18},"1":{"name":"(anonymous_1)","decl":{"start":{"line":22,"column":2},"end":{"line":22,"column":3}},"loc":{"start":{"line":22,"column":26},"end":{"line":25,"column":3}},"line":22},"2":{"name":"(anonymous_2)","decl":{"start":{"line":27,"column":2},"end":{"line":27,"column":3}},"loc":{"start":{"line":27,"column":33},"end":{"line":29,"column":3}},"line":27},"3":{"name":"(anonymous_3)","decl":{"start":{"line":31,"column":2},"end":{"line":31,"column":3}},"loc":{"start":{"line":31,"column":28},"end":{"line":34,"column":3}},"line":31},"4":{"name":"(anonymous_4)","decl":{"start":{"line":36,"column":2},"end":{"line":36,"column":3}},"loc":{"start":{"line":36,"column":32},"end":{"line":38,"column":3}},"line":36},"5":{"name":"(anonymous_5)","decl":{"start":{"line":40,"column":2},"end":{"line":40,"column":3}},"loc":{"start":{"line":40,"column":27},"end":{"line":43,"column":3}},"line":40},"6":{"name":"(anonymous_6)","decl":{"start":{"line":45,"column":2},"end":{"line":45,"column":3}},"loc":{"start":{"line":45,"column":32},"end":{"line":47,"column":3}},"line":45},"7":{"name":"(anonymous_7)","decl":{"start":{"line":49,"column":2},"end":{"line":49,"column":3}},"loc":{"start":{"line":49,"column":27},"end":{"line":52,"column":3}},"line":49},"8":{"name":"(anonymous_8)","decl":{"start":{"line":54,"column":2},"end":{"line":54,"column":3}},"loc":{"start":{"line":54,"column":31},"end":{"line":56,"column":3}},"line":54},"9":{"name":"(anonymous_9)","decl":{"start":{"line":58,"column":2},"end":{"line":58,"column":3}},"loc":{"start":{"line":58,"column":26},"end":{"line":61,"column":3}},"line":58},"10":{"name":"(anonymous_10)","decl":{"start":{"line":63,"column":2},"end":{"line":63,"column":3}},"loc":{"start":{"line":63,"column":33},"end":{"line":65,"column":3}},"line":63},"11":{"name":"(anonymous_11)","decl":{"start":{"line":67,"column":2},"end":{"line":67,"column":3}},"loc":{"start":{"line":67,"column":28},"end":{"line":70,"column":3}},"line":67},"12":{"name":"(anonymous_12)","decl":{"start":{"line":72,"column":2},"end":{"line":72,"column":3}},"loc":{"start":{"line":72,"column":33},"end":{"line":74,"column":3}},"line":72},"13":{"name":"(anonymous_13)","decl":{"start":{"line":76,"column":2},"end":{"line":76,"column":3}},"loc":{"start":{"line":76,"column":28},"end":{"line":79,"column":3}},"line":76},"14":{"name":"(anonymous_14)","decl":{"start":{"line":81,"column":2},"end":{"line":81,"column":3}},"loc":{"start":{"line":81,"column":32},"end":{"line":83,"column":3}},"line":81},"15":{"name":"(anonymous_15)","decl":{"start":{"line":85,"column":2},"end":{"line":85,"column":3}},"loc":{"start":{"line":85,"column":27},"end":{"line":88,"column":3}},"line":85},"16":{"name":"(anonymous_16)","decl":{"start":{"line":90,"column":2},"end":{"line":90,"column":3}},"loc":{"start":{"line":90,"column":31},"end":{"line":92,"column":3}},"line":90},"17":{"name":"(anonymous_17)","decl":{"start":{"line":94,"column":2},"end":{"line":94,"column":3}},"loc":{"start":{"line":94,"column":26},"end":{"line":97,"column":3}},"line":94},"18":{"name":"(anonymous_18)","decl":{"start":{"line":99,"column":2},"end":{"line":99,"column":3}},"loc":{"start":{"line":99,"column":32},"end":{"line":101,"column":3}},"line":99},"19":{"name":"(anonymous_19)","decl":{"start":{"line":103,"column":2},"end":{"line":103,"column":3}},"loc":{"start":{"line":103,"column":27},"end":{"line":106,"column":3}},"line":103},"20":{"name":"(anonymous_20)","decl":{"start":{"line":108,"column":2},"end":{"line":108,"column":3}},"loc":{"start":{"line":108,"column":33},"end":{"line":110,"column":3}},"line":108},"21":{"name":"(anonymous_21)","decl":{"start":{"line":112,"column":2},"end":{"line":112,"column":3}},"loc":{"start":{"line":112,"column":28},"end":{"line":115,"column":3}},"line":112},"22":{"name":"(anonymous_22)","decl":{"start":{"line":117,"column":2},"end":{"line":117,"column":3}},"loc":{"start":{"line":117,"column":32},"end":{"line":119,"column":3}},"line":117},"23":{"name":"(anonymous_23)","decl":{"start":{"line":121,"column":2},"end":{"line":121,"column":3}},"loc":{"start":{"line":121,"column":27},"end":{"line":124,"column":3}},"line":121},"24":{"name":"(anonymous_24)","decl":{"start":{"line":126,"column":2},"end":{"line":126,"column":3}},"loc":{"start":{"line":126,"column":31},"end":{"line":128,"column":3}},"line":126},"25":{"name":"(anonymous_25)","decl":{"start":{"line":130,"column":2},"end":{"line":130,"column":3}},"loc":{"start":{"line":130,"column":26},"end":{"line":133,"column":3}},"line":130}},"branchMap":{},"s":{"0":0,"1":0,"2":0,"3":0,"4":0,"5":0,"6":5,"7":5,"8":5,"9":1,"10":1,"11":1,"12":0,"13":0,"14":0,"15":1,"16":1,"17":1,"18":0,"19":0,"20":0,"21":0,"22":0,"23":0,"24":2,"25":2,"26":2,"27":0,"28":0,"29":0,"30":4,"31":4,"32":4,"33":2,"34":2,"35":2,"36":0,"37":0,"38":0},"f":{"0":0,"1":0,"2":0,"3":0,"4":5,"5":5,"6":1,"7":1,"8":0,"9":0,"10":1,"11":1,"12":0,"13":0,"14":0,"15":0,"16":2,"17":2,"18":0,"19":0,"20":4,"21":4,"22":2,"23":2,"24":0,"25":0},"b":{},"_coverageSchema":"1a1c01bbd47fc00a2c39e90264f33305004495a9","hash":"d5d7a94efe6758b4c328e81102d59b4a31fb2f5b"}
,"/Users/williansnieves/Documents/development/practicas/pokerhand/src/lib/cards/spades.ts": {"path":"/Users/williansnieves/Documents/development/practicas/pokerhand/src/lib/cards/spades.ts","statementMap":{"0":{"start":{"line":19,"column":4},"end":{"line":19,"column":28}},"1":{"start":{"line":23,"column":4},"end":{"line":23,"column":26}},"2":{"start":{"line":24,"column":4},"end":{"line":24,"column":27}},"3":{"start":{"line":28,"column":4},"end":{"line":28,"column":30}},"4":{"start":{"line":32,"column":4},"end":{"line":32,"column":28}},"5":{"start":{"line":33,"column":4},"end":{"line":33,"column":29}},"6":{"start":{"line":37,"column":4},"end":{"line":37,"column":29}},"7":{"start":{"line":41,"column":4},"end":{"line":41,"column":27}},"8":{"start":{"line":42,"column":4},"end":{"line":42,"column":28}},"9":{"start":{"line":46,"column":4},"end":{"line":46,"column":29}},"10":{"start":{"line":50,"column":4},"end":{"line":50,"column":27}},"11":{"start":{"line":51,"column":4},"end":{"line":51,"column":28}},"12":{"start":{"line":55,"column":4},"end":{"line":55,"column":28}},"13":{"start":{"line":59,"column":4},"end":{"line":59,"column":26}},"14":{"start":{"line":60,"column":4},"end":{"line":60,"column":27}},"15":{"start":{"line":64,"column":4},"end":{"line":64,"column":30}},"16":{"start":{"line":68,"column":4},"end":{"line":68,"column":28}},"17":{"start":{"line":69,"column":4},"end":{"line":69,"column":29}},"18":{"start":{"line":73,"column":4},"end":{"line":73,"column":30}},"19":{"start":{"line":77,"column":4},"end":{"line":77,"column":28}},"20":{"start":{"line":78,"column":4},"end":{"line":78,"column":29}},"21":{"start":{"line":82,"column":4},"end":{"line":82,"column":29}},"22":{"start":{"line":86,"column":4},"end":{"line":86,"column":27}},"23":{"start":{"line":87,"column":4},"end":{"line":87,"column":28}},"24":{"start":{"line":91,"column":4},"end":{"line":91,"column":28}},"25":{"start":{"line":95,"column":4},"end":{"line":95,"column":26}},"26":{"start":{"line":96,"column":4},"end":{"line":96,"column":27}},"27":{"start":{"line":100,"column":4},"end":{"line":100,"column":29}},"28":{"start":{"line":104,"column":4},"end":{"line":104,"column":27}},"29":{"start":{"line":105,"column":4},"end":{"line":105,"column":28}},"30":{"start":{"line":109,"column":4},"end":{"line":109,"column":30}},"31":{"start":{"line":113,"column":4},"end":{"line":113,"column":28}},"32":{"start":{"line":114,"column":4},"end":{"line":114,"column":29}},"33":{"start":{"line":118,"column":4},"end":{"line":118,"column":29}},"34":{"start":{"line":122,"column":4},"end":{"line":122,"column":27}},"35":{"start":{"line":123,"column":4},"end":{"line":123,"column":28}},"36":{"start":{"line":127,"column":4},"end":{"line":127,"column":28}},"37":{"start":{"line":131,"column":4},"end":{"line":131,"column":26}},"38":{"start":{"line":132,"column":4},"end":{"line":132,"column":27}}},"fnMap":{"0":{"name":"(anonymous_0)","decl":{"start":{"line":18,"column":2},"end":{"line":18,"column":3}},"loc":{"start":{"line":18,"column":31},"end":{"line":20,"column":3}},"line":18},"1":{"name":"(anonymous_1)","decl":{"start":{"line":22,"column":2},"end":{"line":22,"column":3}},"loc":{"start":{"line":22,"column":26},"end":{"line":25,"column":3}},"line":22},"2":{"name":"(anonymous_2)","decl":{"start":{"line":27,"column":2},"end":{"line":27,"column":3}},"loc":{"start":{"line":27,"column":33},"end":{"line":29,"column":3}},"line":27},"3":{"name":"(anonymous_3)","decl":{"start":{"line":31,"column":2},"end":{"line":31,"column":3}},"loc":{"start":{"line":31,"column":28},"end":{"line":34,"column":3}},"line":31},"4":{"name":"(anonymous_4)","decl":{"start":{"line":36,"column":2},"end":{"line":36,"column":3}},"loc":{"start":{"line":36,"column":32},"end":{"line":38,"column":3}},"line":36},"5":{"name":"(anonymous_5)","decl":{"start":{"line":40,"column":2},"end":{"line":40,"column":3}},"loc":{"start":{"line":40,"column":27},"end":{"line":43,"column":3}},"line":40},"6":{"name":"(anonymous_6)","decl":{"start":{"line":45,"column":2},"end":{"line":45,"column":3}},"loc":{"start":{"line":45,"column":32},"end":{"line":47,"column":3}},"line":45},"7":{"name":"(anonymous_7)","decl":{"start":{"line":49,"column":2},"end":{"line":49,"column":3}},"loc":{"start":{"line":49,"column":27},"end":{"line":52,"column":3}},"line":49},"8":{"name":"(anonymous_8)","decl":{"start":{"line":54,"column":2},"end":{"line":54,"column":3}},"loc":{"start":{"line":54,"column":31},"end":{"line":56,"column":3}},"line":54},"9":{"name":"(anonymous_9)","decl":{"start":{"line":58,"column":2},"end":{"line":58,"column":3}},"loc":{"start":{"line":58,"column":26},"end":{"line":61,"column":3}},"line":58},"10":{"name":"(anonymous_10)","decl":{"start":{"line":63,"column":2},"end":{"line":63,"column":3}},"loc":{"start":{"line":63,"column":33},"end":{"line":65,"column":3}},"line":63},"11":{"name":"(anonymous_11)","decl":{"start":{"line":67,"column":2},"end":{"line":67,"column":3}},"loc":{"start":{"line":67,"column":28},"end":{"line":70,"column":3}},"line":67},"12":{"name":"(anonymous_12)","decl":{"start":{"line":72,"column":2},"end":{"line":72,"column":3}},"loc":{"start":{"line":72,"column":33},"end":{"line":74,"column":3}},"line":72},"13":{"name":"(anonymous_13)","decl":{"start":{"line":76,"column":2},"end":{"line":76,"column":3}},"loc":{"start":{"line":76,"column":28},"end":{"line":79,"column":3}},"line":76},"14":{"name":"(anonymous_14)","decl":{"start":{"line":81,"column":2},"end":{"line":81,"column":3}},"loc":{"start":{"line":81,"column":32},"end":{"line":83,"column":3}},"line":81},"15":{"name":"(anonymous_15)","decl":{"start":{"line":85,"column":2},"end":{"line":85,"column":3}},"loc":{"start":{"line":85,"column":27},"end":{"line":88,"column":3}},"line":85},"16":{"name":"(anonymous_16)","decl":{"start":{"line":90,"column":2},"end":{"line":90,"column":3}},"loc":{"start":{"line":90,"column":31},"end":{"line":92,"column":3}},"line":90},"17":{"name":"(anonymous_17)","decl":{"start":{"line":94,"column":2},"end":{"line":94,"column":3}},"loc":{"start":{"line":94,"column":26},"end":{"line":97,"column":3}},"line":94},"18":{"name":"(anonymous_18)","decl":{"start":{"line":99,"column":2},"end":{"line":99,"column":3}},"loc":{"start":{"line":99,"column":32},"end":{"line":101,"column":3}},"line":99},"19":{"name":"(anonymous_19)","decl":{"start":{"line":103,"column":2},"end":{"line":103,"column":3}},"loc":{"start":{"line":103,"column":27},"end":{"line":106,"column":3}},"line":103},"20":{"name":"(anonymous_20)","decl":{"start":{"line":108,"column":2},"end":{"line":108,"column":3}},"loc":{"start":{"line":108,"column":33},"end":{"line":110,"column":3}},"line":108},"21":{"name":"(anonymous_21)","decl":{"start":{"line":112,"column":2},"end":{"line":112,"column":3}},"loc":{"start":{"line":112,"column":28},"end":{"line":115,"column":3}},"line":112},"22":{"name":"(anonymous_22)","decl":{"start":{"line":117,"column":2},"end":{"line":117,"column":3}},"loc":{"start":{"line":117,"column":32},"end":{"line":119,"column":3}},"line":117},"23":{"name":"(anonymous_23)","decl":{"start":{"line":121,"column":2},"end":{"line":121,"column":3}},"loc":{"start":{"line":121,"column":27},"end":{"line":124,"column":3}},"line":121},"24":{"name":"(anonymous_24)","decl":{"start":{"line":126,"column":2},"end":{"line":126,"column":3}},"loc":{"start":{"line":126,"column":31},"end":{"line":128,"column":3}},"line":126},"25":{"name":"(anonymous_25)","decl":{"start":{"line":130,"column":2},"end":{"line":130,"column":3}},"loc":{"start":{"line":130,"column":26},"end":{"line":133,"column":3}},"line":130}},"branchMap":{},"s":{"0":0,"1":0,"2":0,"3":1,"4":1,"5":1,"6":0,"7":0,"8":0,"9":3,"10":3,"11":3,"12":1,"13":1,"14":1,"15":3,"16":3,"17":3,"18":0,"19":0,"20":0,"21":0,"22":0,"23":0,"24":2,"25":2,"26":2,"27":0,"28":0,"29":0,"30":2,"31":2,"32":2,"33":0,"34":0,"35":0,"36":0,"37":0,"38":0},"f":{"0":0,"1":0,"2":1,"3":1,"4":0,"5":0,"6":3,"7":3,"8":1,"9":1,"10":3,"11":3,"12":0,"13":0,"14":0,"15":0,"16":2,"17":2,"18":0,"19":0,"20":2,"21":2,"22":0,"23":0,"24":0,"25":0},"b":{},"_coverageSchema":"1a1c01bbd47fc00a2c39e90264f33305004495a9","hash":"1d41d11be5c9a64e49648c9391c77cd73c77c60b"}
,"/Users/williansnieves/Documents/development/practicas/pokerhand/src/lib/game/poker-hand-rules.ts": {"path":"/Users/williansnieves/Documents/development/practicas/pokerhand/src/lib/game/poker-hand-rules.ts","statementMap":{"0":{"start":{"line":11,"column":18},"end":{"line":13,"column":5}},"1":{"start":{"line":12,"column":29},"end":{"line":12,"column":53}},"2":{"start":{"line":15,"column":4},"end":{"line":18,"column":6}},"3":{"start":{"line":22,"column":32},"end":{"line":22,"column":33}},"4":{"start":{"line":23,"column":4},"end":{"line":30,"column":6}},"5":{"start":{"line":25,"column":8},"end":{"line":27,"column":9}},"6":{"start":{"line":26,"column":10},"end":{"line":26,"column":20}},"7":{"start":{"line":28,"column":8},"end":{"line":28,"column":19}},"8":{"start":{"line":34,"column":4},"end":{"line":34,"column":41}},"9":{"start":{"line":38,"column":4},"end":{"line":40,"column":6}},"10":{"start":{"line":39,"column":14},"end":{"line":39,"column":22}},"11":{"start":{"line":44,"column":4},"end":{"line":46,"column":5}},"12":{"start":{"line":44,"column":57},"end":{"line":44,"column":65}},"13":{"start":{"line":45,"column":6},"end":{"line":45,"column":72}},"14":{"start":{"line":45,"column":62},"end":{"line":45,"column":70}},"15":{"start":{"line":48,"column":4},"end":{"line":48,"column":17}},"16":{"start":{"line":52,"column":31},"end":{"line":52,"column":32}},"17":{"start":{"line":53,"column":4},"end":{"line":60,"column":6}},"18":{"start":{"line":55,"column":8},"end":{"line":57,"column":9}},"19":{"start":{"line":56,"column":10},"end":{"line":56,"column":20}},"20":{"start":{"line":58,"column":8},"end":{"line":58,"column":19}},"21":{"start":{"line":64,"column":4},"end":{"line":68,"column":5}},"22":{"start":{"line":65,"column":6},"end":{"line":67,"column":8}},"23":{"start":{"line":66,"column":16},"end":{"line":66,"column":24}},"24":{"start":{"line":70,"column":4},"end":{"line":70,"column":17}},"25":{"start":{"line":74,"column":4},"end":{"line":78,"column":5}},"26":{"start":{"line":75,"column":6},"end":{"line":77,"column":8}},"27":{"start":{"line":76,"column":16},"end":{"line":76,"column":24}},"28":{"start":{"line":80,"column":4},"end":{"line":80,"column":17}}},"fnMap":{"0":{"name":"(anonymous_0)","decl":{"start":{"line":10,"column":2},"end":{"line":10,"column":3}},"loc":{"start":{"line":10,"column":46},"end":{"line":19,"column":3}},"line":10},"1":{"name":"(anonymous_1)","decl":{"start":{"line":12,"column":6},"end":{"line":12,"column":7}},"loc":{"start":{"line":12,"column":29},"end":{"line":12,"column":53}},"line":12},"2":{"name":"(anonymous_2)","decl":{"start":{"line":21,"column":2},"end":{"line":21,"column":3}},"loc":{"start":{"line":21,"column":45},"end":{"line":31,"column":3}},"line":21},"3":{"name":"(anonymous_3)","decl":{"start":{"line":24,"column":49},"end":{"line":24,"column":50}},"loc":{"start":{"line":24,"column":63},"end":{"line":29,"column":7}},"line":24},"4":{"name":"(anonymous_4)","decl":{"start":{"line":33,"column":2},"end":{"line":33,"column":3}},"loc":{"start":{"line":33,"column":33},"end":{"line":35,"column":3}},"line":33},"5":{"name":"(anonymous_5)","decl":{"start":{"line":37,"column":2},"end":{"line":37,"column":3}},"loc":{"start":{"line":37,"column":30},"end":{"line":41,"column":3}},"line":37},"6":{"name":"(anonymous_6)","decl":{"start":{"line":39,"column":6},"end":{"line":39,"column":7}},"loc":{"start":{"line":39,"column":14},"end":{"line":39,"column":22}},"line":39},"7":{"name":"(anonymous_7)","decl":{"start":{"line":43,"column":2},"end":{"line":43,"column":3}},"loc":{"start":{"line":43,"column":43},"end":{"line":49,"column":3}},"line":43},"8":{"name":"(anonymous_8)","decl":{"start":{"line":44,"column":49},"end":{"line":44,"column":50}},"loc":{"start":{"line":44,"column":57},"end":{"line":44,"column":65}},"line":44},"9":{"name":"(anonymous_9)","decl":{"start":{"line":45,"column":54},"end":{"line":45,"column":55}},"loc":{"start":{"line":45,"column":62},"end":{"line":45,"column":70}},"line":45},"10":{"name":"(anonymous_10)","decl":{"start":{"line":51,"column":2},"end":{"line":51,"column":3}},"loc":{"start":{"line":51,"column":44},"end":{"line":61,"column":3}},"line":51},"11":{"name":"(anonymous_11)","decl":{"start":{"line":54,"column":49},"end":{"line":54,"column":50}},"loc":{"start":{"line":54,"column":63},"end":{"line":59,"column":7}},"line":54},"12":{"name":"(anonymous_12)","decl":{"start":{"line":63,"column":2},"end":{"line":63,"column":3}},"loc":{"start":{"line":63,"column":47},"end":{"line":71,"column":3}},"line":63},"13":{"name":"(anonymous_13)","decl":{"start":{"line":66,"column":8},"end":{"line":66,"column":9}},"loc":{"start":{"line":66,"column":16},"end":{"line":66,"column":24}},"line":66},"14":{"name":"(anonymous_14)","decl":{"start":{"line":73,"column":2},"end":{"line":73,"column":3}},"loc":{"start":{"line":73,"column":44},"end":{"line":81,"column":3}},"line":73},"15":{"name":"(anonymous_15)","decl":{"start":{"line":76,"column":8},"end":{"line":76,"column":9}},"loc":{"start":{"line":76,"column":16},"end":{"line":76,"column":24}},"line":76}},"branchMap":{"0":{"loc":{"start":{"line":25,"column":8},"end":{"line":27,"column":9}},"type":"if","locations":[{"start":{"line":25,"column":8},"end":{"line":27,"column":9}},{"start":{},"end":{}}],"line":25},"1":{"loc":{"start":{"line":44,"column":4},"end":{"line":46,"column":5}},"type":"if","locations":[{"start":{"line":44,"column":4},"end":{"line":46,"column":5}},{"start":{},"end":{}}],"line":44},"2":{"loc":{"start":{"line":55,"column":8},"end":{"line":57,"column":9}},"type":"if","locations":[{"start":{"line":55,"column":8},"end":{"line":57,"column":9}},{"start":{},"end":{}}],"line":55},"3":{"loc":{"start":{"line":64,"column":4},"end":{"line":68,"column":5}},"type":"if","locations":[{"start":{"line":64,"column":4},"end":{"line":68,"column":5}},{"start":{},"end":{}}],"line":64},"4":{"loc":{"start":{"line":74,"column":4},"end":{"line":78,"column":5}},"type":"if","locations":[{"start":{"line":74,"column":4},"end":{"line":78,"column":5}},{"start":{},"end":{}}],"line":74},"5":{"loc":{"start":{"line":74,"column":8},"end":{"line":74,"column":76}},"type":"binary-expr","locations":[{"start":{"line":74,"column":8},"end":{"line":74,"column":45}},{"start":{"line":74,"column":49},"end":{"line":74,"column":76}}],"line":74}},"s":{"0":32,"1":160,"2":32,"3":19,"4":19,"5":78,"6":2,"7":78,"8":56,"9":22,"10":77,"11":25,"12":88,"13":14,"14":48,"15":11,"16":26,"17":26,"18":101,"19":1,"20":101,"21":28,"22":3,"23":6,"24":25,"25":29,"26":1,"27":1,"28":28},"f":{"0":32,"1":160,"2":19,"3":78,"4":56,"5":22,"6":77,"7":25,"8":88,"9":48,"10":26,"11":101,"12":28,"13":6,"14":29,"15":1},"b":{"0":[2,76],"1":[14,11],"2":[1,100],"3":[3,25],"4":[1,28],"5":[29,8]},"_coverageSchema":"1a1c01bbd47fc00a2c39e90264f33305004495a9","hash":"385c2eb07f16cec8e815b6d0a06e1510dbdad7e6"}
,"/Users/williansnieves/Documents/development/practicas/pokerhand/src/lib/game/poker-hand.ts": {"path":"/Users/williansnieves/Documents/development/practicas/pokerhand/src/lib/game/poker-hand.ts","statementMap":{"0":{"start":{"line":11,"column":4},"end":{"line":11,"column":23}},"1":{"start":{"line":12,"column":4},"end":{"line":12,"column":22}},"2":{"start":{"line":16,"column":32},"end":{"line":16,"column":33}},"3":{"start":{"line":18,"column":4},"end":{"line":22,"column":7}},"4":{"start":{"line":19,"column":6},"end":{"line":21,"column":7}},"5":{"start":{"line":20,"column":8},"end":{"line":20,"column":63}},"6":{"start":{"line":24,"column":4},"end":{"line":24,"column":46}},"7":{"start":{"line":31,"column":4},"end":{"line":37,"column":5}},"8":{"start":{"line":32,"column":6},"end":{"line":32,"column":25}},"9":{"start":{"line":33,"column":11},"end":{"line":37,"column":5}},"10":{"start":{"line":34,"column":6},"end":{"line":34,"column":26}},"11":{"start":{"line":36,"column":6},"end":{"line":36,"column":25}},"12":{"start":{"line":44,"column":4},"end":{"line":50,"column":5}},"13":{"start":{"line":45,"column":6},"end":{"line":45,"column":25}},"14":{"start":{"line":46,"column":11},"end":{"line":50,"column":5}},"15":{"start":{"line":47,"column":6},"end":{"line":47,"column":26}},"16":{"start":{"line":49,"column":6},"end":{"line":49,"column":25}},"17":{"start":{"line":54,"column":30},"end":{"line":54,"column":72}},"18":{"start":{"line":55,"column":30},"end":{"line":55,"column":45}},"19":{"start":{"line":57,"column":35},"end":{"line":59,"column":5}},"20":{"start":{"line":60,"column":35},"end":{"line":62,"column":5}},"21":{"start":{"line":64,"column":4},"end":{"line":69,"column":5}},"22":{"start":{"line":65,"column":6},"end":{"line":68,"column":8}},"23":{"start":{"line":71,"column":4},"end":{"line":74,"column":6}},"24":{"start":{"line":78,"column":4},"end":{"line":80,"column":5}},"25":{"start":{"line":79,"column":6},"end":{"line":79,"column":30}},"26":{"start":{"line":82,"column":4},"end":{"line":84,"column":5}},"27":{"start":{"line":83,"column":6},"end":{"line":83,"column":30}},"28":{"start":{"line":86,"column":4},"end":{"line":88,"column":5}},"29":{"start":{"line":87,"column":6},"end":{"line":87,"column":30}},"30":{"start":{"line":90,"column":4},"end":{"line":92,"column":5}},"31":{"start":{"line":91,"column":6},"end":{"line":91,"column":30}},"32":{"start":{"line":94,"column":4},"end":{"line":96,"column":5}},"33":{"start":{"line":95,"column":6},"end":{"line":95,"column":30}},"34":{"start":{"line":98,"column":4},"end":{"line":100,"column":5}},"35":{"start":{"line":99,"column":6},"end":{"line":99,"column":30}},"36":{"start":{"line":102,"column":4},"end":{"line":104,"column":5}},"37":{"start":{"line":103,"column":6},"end":{"line":103,"column":30}},"38":{"start":{"line":106,"column":4},"end":{"line":108,"column":5}},"39":{"start":{"line":107,"column":6},"end":{"line":107,"column":30}},"40":{"start":{"line":110,"column":4},"end":{"line":112,"column":5}},"41":{"start":{"line":111,"column":6},"end":{"line":111,"column":30}},"42":{"start":{"line":114,"column":4},"end":{"line":114,"column":28}},"43":{"start":{"line":118,"column":4},"end":{"line":118,"column":22}}},"fnMap":{"0":{"name":"(anonymous_0)","decl":{"start":{"line":10,"column":2},"end":{"line":10,"column":3}},"loc":{"start":{"line":10,"column":60},"end":{"line":13,"column":3}},"line":10},"1":{"name":"(anonymous_1)","decl":{"start":{"line":15,"column":2},"end":{"line":15,"column":3}},"loc":{"start":{"line":15,"column":49},"end":{"line":25,"column":3}},"line":15},"2":{"name":"(anonymous_2)","decl":{"start":{"line":18,"column":36},"end":{"line":18,"column":37}},"loc":{"start":{"line":18,"column":51},"end":{"line":22,"column":5}},"line":18},"3":{"name":"(anonymous_3)","decl":{"start":{"line":27,"column":2},"end":{"line":27,"column":3}},"loc":{"start":{"line":30,"column":12},"end":{"line":38,"column":3}},"line":30},"4":{"name":"(anonymous_4)","decl":{"start":{"line":40,"column":2},"end":{"line":40,"column":3}},"loc":{"start":{"line":43,"column":12},"end":{"line":51,"column":3}},"line":43},"5":{"name":"(anonymous_5)","decl":{"start":{"line":53,"column":2},"end":{"line":53,"column":3}},"loc":{"start":{"line":53,"column":37},"end":{"line":75,"column":3}},"line":53},"6":{"name":"(anonymous_6)","decl":{"start":{"line":77,"column":2},"end":{"line":77,"column":3}},"loc":{"start":{"line":77,"column":39},"end":{"line":115,"column":3}},"line":77},"7":{"name":"(anonymous_7)","decl":{"start":{"line":117,"column":2},"end":{"line":117,"column":3}},"loc":{"start":{"line":117,"column":13},"end":{"line":119,"column":3}},"line":117}},"branchMap":{"0":{"loc":{"start":{"line":19,"column":6},"end":{"line":21,"column":7}},"type":"if","locations":[{"start":{"line":19,"column":6},"end":{"line":21,"column":7}},{"start":{},"end":{}}],"line":19},"1":{"loc":{"start":{"line":31,"column":4},"end":{"line":37,"column":5}},"type":"if","locations":[{"start":{"line":31,"column":4},"end":{"line":37,"column":5}},{"start":{"line":33,"column":11},"end":{"line":37,"column":5}}],"line":31},"2":{"loc":{"start":{"line":33,"column":11},"end":{"line":37,"column":5}},"type":"if","locations":[{"start":{"line":33,"column":11},"end":{"line":37,"column":5}},{"start":{"line":35,"column":11},"end":{"line":37,"column":5}}],"line":33},"3":{"loc":{"start":{"line":44,"column":4},"end":{"line":50,"column":5}},"type":"if","locations":[{"start":{"line":44,"column":4},"end":{"line":50,"column":5}},{"start":{"line":46,"column":11},"end":{"line":50,"column":5}}],"line":44},"4":{"loc":{"start":{"line":46,"column":11},"end":{"line":50,"column":5}},"type":"if","locations":[{"start":{"line":46,"column":11},"end":{"line":50,"column":5}},{"start":{"line":48,"column":11},"end":{"line":50,"column":5}}],"line":46},"5":{"loc":{"start":{"line":64,"column":4},"end":{"line":69,"column":5}},"type":"if","locations":[{"start":{"line":64,"column":4},"end":{"line":69,"column":5}},{"start":{},"end":{}}],"line":64},"6":{"loc":{"start":{"line":64,"column":8},"end":{"line":64,"column":68}},"type":"binary-expr","locations":[{"start":{"line":64,"column":8},"end":{"line":64,"column":36}},{"start":{"line":64,"column":40},"end":{"line":64,"column":68}}],"line":64},"7":{"loc":{"start":{"line":78,"column":4},"end":{"line":80,"column":5}},"type":"if","locations":[{"start":{"line":78,"column":4},"end":{"line":80,"column":5}},{"start":{},"end":{}}],"line":78},"8":{"loc":{"start":{"line":82,"column":4},"end":{"line":84,"column":5}},"type":"if","locations":[{"start":{"line":82,"column":4},"end":{"line":84,"column":5}},{"start":{},"end":{}}],"line":82},"9":{"loc":{"start":{"line":86,"column":4},"end":{"line":88,"column":5}},"type":"if","locations":[{"start":{"line":86,"column":4},"end":{"line":88,"column":5}},{"start":{},"end":{}}],"line":86},"10":{"loc":{"start":{"line":90,"column":4},"end":{"line":92,"column":5}},"type":"if","locations":[{"start":{"line":90,"column":4},"end":{"line":92,"column":5}},{"start":{},"end":{}}],"line":90},"11":{"loc":{"start":{"line":94,"column":4},"end":{"line":96,"column":5}},"type":"if","locations":[{"start":{"line":94,"column":4},"end":{"line":96,"column":5}},{"start":{},"end":{}}],"line":94},"12":{"loc":{"start":{"line":98,"column":4},"end":{"line":100,"column":5}},"type":"if","locations":[{"start":{"line":98,"column":4},"end":{"line":100,"column":5}},{"start":{},"end":{}}],"line":98},"13":{"loc":{"start":{"line":102,"column":4},"end":{"line":104,"column":5}},"type":"if","locations":[{"start":{"line":102,"column":4},"end":{"line":104,"column":5}},{"start":{},"end":{}}],"line":102},"14":{"loc":{"start":{"line":106,"column":4},"end":{"line":108,"column":5}},"type":"if","locations":[{"start":{"line":106,"column":4},"end":{"line":108,"column":5}},{"start":{},"end":{}}],"line":106},"15":{"loc":{"start":{"line":110,"column":4},"end":{"line":112,"column":5}},"type":"if","locations":[{"start":{"line":110,"column":4},"end":{"line":112,"column":5}},{"start":{},"end":{}}],"line":110}},"s":{"0":43,"1":43,"2":6,"3":6,"4":30,"5":15,"6":6,"7":11,"8":7,"9":4,"10":3,"11":1,"12":3,"13":1,"14":2,"15":1,"16":1,"17":14,"18":14,"19":14,"20":14,"21":14,"22":3,"23":11,"24":29,"25":1,"26":28,"27":2,"28":26,"29":1,"30":25,"31":3,"32":22,"33":2,"34":20,"35":1,"36":19,"37":2,"38":17,"39":2,"40":15,"41":6,"42":9,"43":28},"f":{"0":43,"1":6,"2":30,"3":11,"4":3,"5":14,"6":29,"7":28},"b":{"0":[15,15],"1":[7,4],"2":[3,1],"3":[1,2],"4":[1,1],"5":[3,11],"6":[14,4],"7":[1,28],"8":[2,26],"9":[1,25],"10":[3,22],"11":[2,20],"12":[1,19],"13":[2,17],"14":[2,15],"15":[6,9]},"_coverageSchema":"1a1c01bbd47fc00a2c39e90264f33305004495a9","hash":"a9fc5b25c58c2ce399dedee532bb6f564c8afebe"}
,"/Users/williansnieves/Documents/development/practicas/pokerhand/src/lib/game/data/card-values.ts": {"path":"/Users/williansnieves/Documents/development/practicas/pokerhand/src/lib/game/data/card-values.ts","statementMap":{"0":{"start":{"line":1,"column":27},"end":{"line":15,"column":1}}},"fnMap":{},"branchMap":{},"s":{"0":2},"f":{},"b":{},"_coverageSchema":"1a1c01bbd47fc00a2c39e90264f33305004495a9","hash":"1e95f68d2f36741eff7eaa5d2d26672887f4b3ab"}
,"/Users/williansnieves/Documents/development/practicas/pokerhand/src/lib/game/data/type-of-hands.ts": {"path":"/Users/williansnieves/Documents/development/practicas/pokerhand/src/lib/game/data/type-of-hands.ts","statementMap":{},"fnMap":{},"branchMap":{},"s":{},"f":{},"b":{},"_coverageSchema":"1a1c01bbd47fc00a2c39e90264f33305004495a9","hash":"f5a0d86f464ee4c68a530bf47ff3bfca1dd1b6e5"}
,"/Users/williansnieves/Documents/development/practicas/pokerhand/src/lib/game/enums/result.ts": {"path":"/Users/williansnieves/Documents/development/practicas/pokerhand/src/lib/game/enums/result.ts","statementMap":{},"fnMap":{},"branchMap":{},"s":{},"f":{},"b":{},"_coverageSchema":"1a1c01bbd47fc00a2c39e90264f33305004495a9","hash":"026fcc5aeab39a69c41543178828717883569a7e"}
,"/Users/williansnieves/Documents/development/practicas/pokerhand/src/lib/game/helpers/cards.ts": {"path":"/Users/williansnieves/Documents/development/practicas/pokerhand/src/lib/game/helpers/cards.ts","statementMap":{"0":{"start":{"line":5,"column":26},"end":{"line":7,"column":1}},"1":{"start":{"line":6,"column":2},"end":{"line":6,"column":26}},"2":{"start":{"line":9,"column":33},"end":{"line":12,"column":1}},"3":{"start":{"line":10,"column":19},"end":{"line":10,"column":35}},"4":{"start":{"line":11,"column":2},"end":{"line":11,"column":41}},"5":{"start":{"line":11,"column":32},"end":{"line":11,"column":39}},"6":{"start":{"line":14,"column":32},"end":{"line":17,"column":1}},"7":{"start":{"line":15,"column":19},"end":{"line":15,"column":35}},"8":{"start":{"line":16,"column":2},"end":{"line":16,"column":41}},"9":{"start":{"line":16,"column":32},"end":{"line":16,"column":39}},"10":{"start":{"line":19,"column":38},"end":{"line":25,"column":1}},"11":{"start":{"line":20,"column":2},"end":{"line":22,"column":3}},"12":{"start":{"line":21,"column":4},"end":{"line":21,"column":54}},"13":{"start":{"line":24,"column":2},"end":{"line":24,"column":15}},"14":{"start":{"line":27,"column":36},"end":{"line":33,"column":1}},"15":{"start":{"line":28,"column":2},"end":{"line":30,"column":3}},"16":{"start":{"line":29,"column":4},"end":{"line":29,"column":65}},"17":{"start":{"line":32,"column":2},"end":{"line":32,"column":14}},"18":{"start":{"line":35,"column":30},"end":{"line":40,"column":1}},"19":{"start":{"line":36,"column":2},"end":{"line":39,"column":9}},"20":{"start":{"line":37,"column":4},"end":{"line":37,"column":43}},"21":{"start":{"line":38,"column":4},"end":{"line":38,"column":15}},"22":{"start":{"line":42,"column":39},"end":{"line":56,"column":1}},"23":{"start":{"line":43,"column":18},"end":{"line":47,"column":6}},"24":{"start":{"line":44,"column":23},"end":{"line":44,"column":36}},"25":{"start":{"line":46,"column":6},"end":{"line":46,"column":39}},"26":{"start":{"line":49,"column":2},"end":{"line":49,"column":32}},"27":{"start":{"line":49,"column":25},"end":{"line":49,"column":30}},"28":{"start":{"line":51,"column":27},"end":{"line":53,"column":4}},"29":{"start":{"line":52,"column":4},"end":{"line":52,"column":43}},"30":{"start":{"line":55,"column":2},"end":{"line":55,"column":64}},"31":{"start":{"line":55,"column":47},"end":{"line":55,"column":62}},"32":{"start":{"line":58,"column":41},"end":{"line":63,"column":1}},"33":{"start":{"line":59,"column":2},"end":{"line":62,"column":9}},"34":{"start":{"line":60,"column":4},"end":{"line":60,"column":43}},"35":{"start":{"line":61,"column":4},"end":{"line":61,"column":15}}},"fnMap":{"0":{"name":"(anonymous_0)","decl":{"start":{"line":5,"column":26},"end":{"line":5,"column":27}},"loc":{"start":{"line":5,"column":47},"end":{"line":7,"column":1}},"line":5},"1":{"name":"(anonymous_1)","decl":{"start":{"line":9,"column":33},"end":{"line":9,"column":34}},"loc":{"start":{"line":9,"column":61},"end":{"line":12,"column":1}},"line":9},"2":{"name":"(anonymous_2)","decl":{"start":{"line":11,"column":22},"end":{"line":11,"column":23}},"loc":{"start":{"line":11,"column":32},"end":{"line":11,"column":39}},"line":11},"3":{"name":"(anonymous_3)","decl":{"start":{"line":14,"column":32},"end":{"line":14,"column":33}},"loc":{"start":{"line":14,"column":60},"end":{"line":17,"column":1}},"line":14},"4":{"name":"(anonymous_4)","decl":{"start":{"line":16,"column":22},"end":{"line":16,"column":23}},"loc":{"start":{"line":16,"column":32},"end":{"line":16,"column":39}},"line":16},"5":{"name":"(anonymous_5)","decl":{"start":{"line":19,"column":38},"end":{"line":19,"column":39}},"loc":{"start":{"line":19,"column":62},"end":{"line":25,"column":1}},"line":19},"6":{"name":"(anonymous_6)","decl":{"start":{"line":27,"column":36},"end":{"line":27,"column":37}},"loc":{"start":{"line":27,"column":69},"end":{"line":33,"column":1}},"line":27},"7":{"name":"(anonymous_7)","decl":{"start":{"line":35,"column":30},"end":{"line":35,"column":31}},"loc":{"start":{"line":35,"column":69},"end":{"line":40,"column":1}},"line":35},"8":{"name":"(anonymous_8)","decl":{"start":{"line":36,"column":40},"end":{"line":36,"column":41}},"loc":{"start":{"line":36,"column":54},"end":{"line":39,"column":3}},"line":36},"9":{"name":"(anonymous_9)","decl":{"start":{"line":42,"column":39},"end":{"line":42,"column":40}},"loc":{"start":{"line":42,"column":66},"end":{"line":56,"column":1}},"line":42},"10":{"name":"(anonymous_10)","decl":{"start":{"line":44,"column":12},"end":{"line":44,"column":13}},"loc":{"start":{"line":44,"column":23},"end":{"line":44,"column":36}},"line":44},"11":{"name":"(anonymous_11)","decl":{"start":{"line":45,"column":9},"end":{"line":45,"column":10}},"loc":{"start":{"line":45,"column":19},"end":{"line":47,"column":5}},"line":45},"12":{"name":"(anonymous_12)","decl":{"start":{"line":49,"column":15},"end":{"line":49,"column":16}},"loc":{"start":{"line":49,"column":25},"end":{"line":49,"column":30}},"line":49},"13":{"name":"(anonymous_13)","decl":{"start":{"line":51,"column":48},"end":{"line":51,"column":49}},"loc":{"start":{"line":51,"column":75},"end":{"line":53,"column":3}},"line":51},"14":{"name":"(anonymous_14)","decl":{"start":{"line":55,"column":32},"end":{"line":55,"column":33}},"loc":{"start":{"line":55,"column":47},"end":{"line":55,"column":62}},"line":55},"15":{"name":"(anonymous_15)","decl":{"start":{"line":58,"column":41},"end":{"line":58,"column":42}},"loc":{"start":{"line":58,"column":59},"end":{"line":63,"column":1}},"line":58},"16":{"name":"(anonymous_16)","decl":{"start":{"line":59,"column":39},"end":{"line":59,"column":40}},"loc":{"start":{"line":59,"column":53},"end":{"line":62,"column":3}},"line":59}},"branchMap":{"0":{"loc":{"start":{"line":20,"column":2},"end":{"line":22,"column":3}},"type":"if","locations":[{"start":{"line":20,"column":2},"end":{"line":22,"column":3}},{"start":{},"end":{}}],"line":20},"1":{"loc":{"start":{"line":28,"column":2},"end":{"line":30,"column":3}},"type":"if","locations":[{"start":{"line":28,"column":2},"end":{"line":30,"column":3}},{"start":{},"end":{}}],"line":28},"2":{"loc":{"start":{"line":37,"column":15},"end":{"line":37,"column":42}},"type":"cond-expr","locations":[{"start":{"line":37,"column":26},"end":{"line":37,"column":38}},{"start":{"line":37,"column":41},"end":{"line":37,"column":42}}],"line":37},"3":{"loc":{"start":{"line":60,"column":15},"end":{"line":60,"column":42}},"type":"cond-expr","locations":[{"start":{"line":60,"column":26},"end":{"line":60,"column":38}},{"start":{"line":60,"column":41},"end":{"line":60,"column":42}}],"line":60}},"s":{"0":2,"1":236,"2":2,"3":207,"4":207,"5":1035,"6":2,"7":26,"8":26,"9":130,"10":2,"11":1,"12":1,"13":0,"14":2,"15":2,"16":1,"17":1,"18":2,"19":84,"20":420,"21":420,"22":2,"23":56,"24":280,"25":243,"26":56,"27":365,"28":56,"29":187,"30":56,"31":71,"32":2,"33":26,"34":130,"35":130},"f":{"0":236,"1":207,"2":1035,"3":26,"4":130,"5":1,"6":2,"7":84,"8":420,"9":56,"10":280,"11":243,"12":365,"13":187,"14":71,"15":26,"16":130},"b":{"0":[1,0],"1":[1,1],"2":[94,326],"3":[46,84]},"_coverageSchema":"1a1c01bbd47fc00a2c39e90264f33305004495a9","hash":"afa495d1d766d189fd283403f3689da59772123e"}
,"/Users/williansnieves/Documents/development/practicas/pokerhand/src/lib/game/helpers/utils.ts": {"path":"/Users/williansnieves/Documents/development/practicas/pokerhand/src/lib/game/helpers/utils.ts","statementMap":{"0":{"start":{"line":1,"column":33},"end":{"line":4,"column":1}},"1":{"start":{"line":2,"column":21},"end":{"line":2,"column":40}},"2":{"start":{"line":3,"column":2},"end":{"line":3,"column":47}}},"fnMap":{"0":{"name":"(anonymous_0)","decl":{"start":{"line":1,"column":33},"end":{"line":1,"column":34}},"loc":{"start":{"line":1,"column":68},"end":{"line":4,"column":1}},"line":1}},"branchMap":{},"s":{"0":2,"1":1,"2":1},"f":{"0":1},"b":{},"_coverageSchema":"1a1c01bbd47fc00a2c39e90264f33305004495a9","hash":"dd2c01b3e341408e1b8721f68f3dfe2ef29cec37"}
}
