TN:
SF:src/lib/cards/cards.ts
FN:8,(anonymous_0)
FN:12,(anonymous_1)
FN:16,(anonymous_2)
FN:20,(anonymous_3)
FNF:4
FNH:4
FNDA:12,(anonymous_0)
FNDA:15,(anonymous_1)
FNDA:10,(anonymous_2)
FNDA:14,(anonymous_3)
DA:9,12
DA:13,15
DA:17,10
DA:21,14
LF:4
LH:4
BRF:0
BRH:0
end_of_record
TN:
SF:src/lib/cards/clubs.ts
FN:18,(anonymous_0)
FN:22,(anonymous_1)
FN:27,(anonymous_2)
FN:31,(anonymous_3)
FN:36,(anonymous_4)
FN:40,(anonymous_5)
FN:45,(anonymous_6)
FN:49,(anonymous_7)
FN:54,(anonymous_8)
FN:58,(anonymous_9)
FN:63,(anonymous_10)
FN:67,(anonymous_11)
FN:72,(anonymous_12)
FN:76,(anonymous_13)
FN:81,(anonymous_14)
FN:85,(anonymous_15)
FN:90,(anonymous_16)
FN:94,(anonymous_17)
FN:99,(anonymous_18)
FN:103,(anonymous_19)
FN:108,(anonymous_20)
FN:112,(anonymous_21)
FN:117,(anonymous_22)
FN:121,(anonymous_23)
FN:126,(anonymous_24)
FN:130,(anonymous_25)
FNF:26
FNH:12
FNDA:0,(anonymous_0)
FNDA:0,(anonymous_1)
FNDA:3,(anonymous_2)
FNDA:3,(anonymous_3)
FNDA:0,(anonymous_4)
FNDA:0,(anonymous_5)
FNDA:0,(anonymous_6)
FNDA:0,(anonymous_7)
FNDA:0,(anonymous_8)
FNDA:0,(anonymous_9)
FNDA:2,(anonymous_10)
FNDA:2,(anonymous_11)
FNDA:1,(anonymous_12)
FNDA:1,(anonymous_13)
FNDA:0,(anonymous_14)
FNDA:0,(anonymous_15)
FNDA:3,(anonymous_16)
FNDA:3,(anonymous_17)
FNDA:3,(anonymous_18)
FNDA:3,(anonymous_19)
FNDA:0,(anonymous_20)
FNDA:0,(anonymous_21)
FNDA:2,(anonymous_22)
FNDA:2,(anonymous_23)
FNDA:0,(anonymous_24)
FNDA:0,(anonymous_25)
DA:19,0
DA:23,0
DA:24,0
DA:28,3
DA:32,3
DA:33,3
DA:37,0
DA:41,0
DA:42,0
DA:46,0
DA:50,0
DA:51,0
DA:55,0
DA:59,0
DA:60,0
DA:64,2
DA:68,2
DA:69,2
DA:73,1
DA:77,1
DA:78,1
DA:82,0
DA:86,0
DA:87,0
DA:91,3
DA:95,3
DA:96,3
DA:100,3
DA:104,3
DA:105,3
DA:109,0
DA:113,0
DA:114,0
DA:118,2
DA:122,2
DA:123,2
DA:127,0
DA:131,0
DA:132,0
LF:39
LH:18
BRF:0
BRH:0
end_of_record
TN:
SF:src/lib/cards/diamonds.ts
FN:18,(anonymous_0)
FN:22,(anonymous_1)
FN:27,(anonymous_2)
FN:31,(anonymous_3)
FN:36,(anonymous_4)
FN:40,(anonymous_5)
FN:45,(anonymous_6)
FN:49,(anonymous_7)
FN:54,(anonymous_8)
FN:58,(anonymous_9)
FN:63,(anonymous_10)
FN:67,(anonymous_11)
FN:72,(anonymous_12)
FN:76,(anonymous_13)
FN:81,(anonymous_14)
FN:85,(anonymous_15)
FN:90,(anonymous_16)
FN:94,(anonymous_17)
FN:99,(anonymous_18)
FN:103,(anonymous_19)
FN:108,(anonymous_20)
FN:112,(anonymous_21)
FN:117,(anonymous_22)
FN:121,(anonymous_23)
FN:126,(anonymous_24)
FN:130,(anonymous_25)
FNF:26
FNH:8
FNDA:5,(anonymous_0)
FNDA:5,(anonymous_1)
FNDA:0,(anonymous_2)
FNDA:0,(anonymous_3)
FNDA:1,(anonymous_4)
FNDA:1,(anonymous_5)
FNDA:0,(anonymous_6)
FNDA:0,(anonymous_7)
FNDA:0,(anonymous_8)
FNDA:0,(anonymous_9)
FNDA:0,(anonymous_10)
FNDA:0,(anonymous_11)
FNDA:0,(anonymous_12)
FNDA:0,(anonymous_13)
FNDA:0,(anonymous_14)
FNDA:0,(anonymous_15)
FNDA:1,(anonymous_16)
FNDA:1,(anonymous_17)
FNDA:3,(anonymous_18)
FNDA:3,(anonymous_19)
FNDA:0,(anonymous_20)
FNDA:0,(anonymous_21)
FNDA:0,(anonymous_22)
FNDA:0,(anonymous_23)
FNDA:0,(anonymous_24)
FNDA:0,(anonymous_25)
DA:19,5
DA:23,5
DA:24,5
DA:28,0
DA:32,0
DA:33,0
DA:37,1
DA:41,1
DA:42,1
DA:46,0
DA:50,0
DA:51,0
DA:55,0
DA:59,0
DA:60,0
DA:64,0
DA:68,0
DA:69,0
DA:73,0
DA:77,0
DA:78,0
DA:82,0
DA:86,0
DA:87,0
DA:91,1
DA:95,1
DA:96,1
DA:100,3
DA:104,3
DA:105,3
DA:109,0
DA:113,0
DA:114,0
DA:118,0
DA:122,0
DA:123,0
DA:127,0
DA:131,0
DA:132,0
LF:39
LH:12
BRF:0
BRH:0
end_of_record
TN:
SF:src/lib/cards/hearts.ts
FN:18,(anonymous_0)
FN:22,(anonymous_1)
FN:27,(anonymous_2)
FN:31,(anonymous_3)
FN:36,(anonymous_4)
FN:40,(anonymous_5)
FN:45,(anonymous_6)
FN:49,(anonymous_7)
FN:54,(anonymous_8)
FN:58,(anonymous_9)
FN:63,(anonymous_10)
FN:67,(anonymous_11)
FN:72,(anonymous_12)
FN:76,(anonymous_13)
FN:81,(anonymous_14)
FN:85,(anonymous_15)
FN:90,(anonymous_16)
FN:94,(anonymous_17)
FN:99,(anonymous_18)
FN:103,(anonymous_19)
FN:108,(anonymous_20)
FN:112,(anonymous_21)
FN:117,(anonymous_22)
FN:121,(anonymous_23)
FN:126,(anonymous_24)
FN:130,(anonymous_25)
FNF:26
FNH:12
FNDA:0,(anonymous_0)
FNDA:0,(anonymous_1)
FNDA:0,(anonymous_2)
FNDA:0,(anonymous_3)
FNDA:5,(anonymous_4)
FNDA:5,(anonymous_5)
FNDA:1,(anonymous_6)
FNDA:1,(anonymous_7)
FNDA:0,(anonymous_8)
FNDA:0,(anonymous_9)
FNDA:1,(anonymous_10)
FNDA:1,(anonymous_11)
FNDA:0,(anonymous_12)
FNDA:0,(anonymous_13)
FNDA:0,(anonymous_14)
FNDA:0,(anonymous_15)
FNDA:2,(anonymous_16)
FNDA:2,(anonymous_17)
FNDA:0,(anonymous_18)
FNDA:0,(anonymous_19)
FNDA:4,(anonymous_20)
FNDA:4,(anonymous_21)
FNDA:2,(anonymous_22)
FNDA:2,(anonymous_23)
FNDA:0,(anonymous_24)
FNDA:0,(anonymous_25)
DA:19,0
DA:23,0
DA:24,0
DA:28,0
DA:32,0
DA:33,0
DA:37,5
DA:41,5
DA:42,5
DA:46,1
DA:50,1
DA:51,1
DA:55,0
DA:59,0
DA:60,0
DA:64,1
DA:68,1
DA:69,1
DA:73,0
DA:77,0
DA:78,0
DA:82,0
DA:86,0
DA:87,0
DA:91,2
DA:95,2
DA:96,2
DA:100,0
DA:104,0
DA:105,0
DA:109,4
DA:113,4
DA:114,4
DA:118,2
DA:122,2
DA:123,2
DA:127,0
DA:131,0
DA:132,0
LF:39
LH:18
BRF:0
BRH:0
end_of_record
TN:
SF:src/lib/cards/spades.ts
FN:18,(anonymous_0)
FN:22,(anonymous_1)
FN:27,(anonymous_2)
FN:31,(anonymous_3)
FN:36,(anonymous_4)
FN:40,(anonymous_5)
FN:45,(anonymous_6)
FN:49,(anonymous_7)
FN:54,(anonymous_8)
FN:58,(anonymous_9)
FN:63,(anonymous_10)
FN:67,(anonymous_11)
FN:72,(anonymous_12)
FN:76,(anonymous_13)
FN:81,(anonymous_14)
FN:85,(anonymous_15)
FN:90,(anonymous_16)
FN:94,(anonymous_17)
FN:99,(anonymous_18)
FN:103,(anonymous_19)
FN:108,(anonymous_20)
FN:112,(anonymous_21)
FN:117,(anonymous_22)
FN:121,(anonymous_23)
FN:126,(anonymous_24)
FN:130,(anonymous_25)
FNF:26
FNH:12
FNDA:0,(anonymous_0)
FNDA:0,(anonymous_1)
FNDA:1,(anonymous_2)
FNDA:1,(anonymous_3)
FNDA:0,(anonymous_4)
FNDA:0,(anonymous_5)
FNDA:3,(anonymous_6)
FNDA:3,(anonymous_7)
FNDA:1,(anonymous_8)
FNDA:1,(anonymous_9)
FNDA:3,(anonymous_10)
FNDA:3,(anonymous_11)
FNDA:0,(anonymous_12)
FNDA:0,(anonymous_13)
FNDA:0,(anonymous_14)
FNDA:0,(anonymous_15)
FNDA:2,(anonymous_16)
FNDA:2,(anonymous_17)
FNDA:0,(anonymous_18)
FNDA:0,(anonymous_19)
FNDA:2,(anonymous_20)
FNDA:2,(anonymous_21)
FNDA:0,(anonymous_22)
FNDA:0,(anonymous_23)
FNDA:0,(anonymous_24)
FNDA:0,(anonymous_25)
DA:19,0
DA:23,0
DA:24,0
DA:28,1
DA:32,1
DA:33,1
DA:37,0
DA:41,0
DA:42,0
DA:46,3
DA:50,3
DA:51,3
DA:55,1
DA:59,1
DA:60,1
DA:64,3
DA:68,3
DA:69,3
DA:73,0
DA:77,0
DA:78,0
DA:82,0
DA:86,0
DA:87,0
DA:91,2
DA:95,2
DA:96,2
DA:100,0
DA:104,0
DA:105,0
DA:109,2
DA:113,2
DA:114,2
DA:118,0
DA:122,0
DA:123,0
DA:127,0
DA:131,0
DA:132,0
LF:39
LH:18
BRF:0
BRH:0
end_of_record
TN:
SF:src/lib/game/poker-hand-rules.ts
FN:10,(anonymous_0)
FN:12,(anonymous_1)
FN:21,(anonymous_2)
FN:24,(anonymous_3)
FN:33,(anonymous_4)
FN:37,(anonymous_5)
FN:39,(anonymous_6)
FN:43,(anonymous_7)
FN:44,(anonymous_8)
FN:45,(anonymous_9)
FN:51,(anonymous_10)
FN:54,(anonymous_11)
FN:63,(anonymous_12)
FN:66,(anonymous_13)
FN:73,(anonymous_14)
FN:76,(anonymous_15)
FNF:16
FNH:16
FNDA:32,(anonymous_0)
FNDA:160,(anonymous_1)
FNDA:19,(anonymous_2)
FNDA:78,(anonymous_3)
FNDA:56,(anonymous_4)
FNDA:22,(anonymous_5)
FNDA:77,(anonymous_6)
FNDA:25,(anonymous_7)
FNDA:88,(anonymous_8)
FNDA:48,(anonymous_9)
FNDA:26,(anonymous_10)
FNDA:101,(anonymous_11)
FNDA:28,(anonymous_12)
FNDA:6,(anonymous_13)
FNDA:29,(anonymous_14)
FNDA:1,(anonymous_15)
DA:11,32
DA:12,160
DA:15,32
DA:22,19
DA:23,19
DA:25,78
DA:26,2
DA:28,78
DA:34,56
DA:38,22
DA:39,77
DA:44,88
DA:45,48
DA:48,11
DA:52,26
DA:53,26
DA:55,101
DA:56,1
DA:58,101
DA:64,28
DA:65,3
DA:66,6
DA:70,25
DA:74,29
DA:75,1
DA:76,1
DA:80,28
LF:27
LH:27
BRDA:25,0,0,2
BRDA:25,0,1,76
BRDA:44,1,0,14
BRDA:44,1,1,11
BRDA:55,2,0,1
BRDA:55,2,1,100
BRDA:64,3,0,3
BRDA:64,3,1,25
BRDA:74,4,0,1
BRDA:74,4,1,28
BRDA:74,5,0,29
BRDA:74,5,1,8
BRF:12
BRH:12
end_of_record
TN:
SF:src/lib/game/poker-hand.ts
FN:10,(anonymous_0)
FN:15,(anonymous_1)
FN:18,(anonymous_2)
FN:27,(anonymous_3)
FN:40,(anonymous_4)
FN:53,(anonymous_5)
FN:77,(anonymous_6)
FN:117,(anonymous_7)
FNF:8
FNH:8
FNDA:43,(anonymous_0)
FNDA:6,(anonymous_1)
FNDA:30,(anonymous_2)
FNDA:11,(anonymous_3)
FNDA:3,(anonymous_4)
FNDA:14,(anonymous_5)
FNDA:29,(anonymous_6)
FNDA:28,(anonymous_7)
DA:11,43
DA:12,43
DA:16,6
DA:18,6
DA:19,30
DA:20,15
DA:24,6
DA:31,11
DA:32,7
DA:33,4
DA:34,3
DA:36,1
DA:44,3
DA:45,1
DA:46,2
DA:47,1
DA:49,1
DA:54,14
DA:55,14
DA:57,14
DA:60,14
DA:64,14
DA:65,3
DA:71,11
DA:78,29
DA:79,1
DA:82,28
DA:83,2
DA:86,26
DA:87,1
DA:90,25
DA:91,3
DA:94,22
DA:95,2
DA:98,20
DA:99,1
DA:102,19
DA:103,2
DA:106,17
DA:107,2
DA:110,15
DA:111,6
DA:114,9
DA:118,28
LF:44
LH:44
BRDA:19,0,0,15
BRDA:19,0,1,15
BRDA:31,1,0,7
BRDA:31,1,1,4
BRDA:33,2,0,3
BRDA:33,2,1,1
BRDA:44,3,0,1
BRDA:44,3,1,2
BRDA:46,4,0,1
BRDA:46,4,1,1
BRDA:64,5,0,3
BRDA:64,5,1,11
BRDA:64,6,0,14
BRDA:64,6,1,4
BRDA:78,7,0,1
BRDA:78,7,1,28
BRDA:82,8,0,2
BRDA:82,8,1,26
BRDA:86,9,0,1
BRDA:86,9,1,25
BRDA:90,10,0,3
BRDA:90,10,1,22
BRDA:94,11,0,2
BRDA:94,11,1,20
BRDA:98,12,0,1
BRDA:98,12,1,19
BRDA:102,13,0,2
BRDA:102,13,1,17
BRDA:106,14,0,2
BRDA:106,14,1,15
BRDA:110,15,0,6
BRDA:110,15,1,9
BRF:32
BRH:32
end_of_record
TN:
SF:src/lib/game/data/card-values.ts
FNF:0
FNH:0
DA:1,2
LF:1
LH:1
BRF:0
BRH:0
end_of_record
TN:
SF:src/lib/game/data/type-of-hands.ts
FNF:0
FNH:0
LF:0
LH:0
BRF:0
BRH:0
end_of_record
TN:
SF:src/lib/game/enums/result.ts
FNF:0
FNH:0
LF:0
LH:0
BRF:0
BRH:0
end_of_record
TN:
SF:src/lib/game/helpers/cards.ts
FN:5,(anonymous_0)
FN:9,(anonymous_1)
FN:11,(anonymous_2)
FN:14,(anonymous_3)
FN:16,(anonymous_4)
FN:19,(anonymous_5)
FN:27,(anonymous_6)
FN:35,(anonymous_7)
FN:36,(anonymous_8)
FN:42,(anonymous_9)
FN:44,(anonymous_10)
FN:45,(anonymous_11)
FN:49,(anonymous_12)
FN:51,(anonymous_13)
FN:55,(anonymous_14)
FN:58,(anonymous_15)
FN:59,(anonymous_16)
FNF:17
FNH:17
FNDA:236,(anonymous_0)
FNDA:207,(anonymous_1)
FNDA:1035,(anonymous_2)
FNDA:26,(anonymous_3)
FNDA:130,(anonymous_4)
FNDA:1,(anonymous_5)
FNDA:2,(anonymous_6)
FNDA:84,(anonymous_7)
FNDA:420,(anonymous_8)
FNDA:56,(anonymous_9)
FNDA:280,(anonymous_10)
FNDA:243,(anonymous_11)
FNDA:365,(anonymous_12)
FNDA:187,(anonymous_13)
FNDA:71,(anonymous_14)
FNDA:26,(anonymous_15)
FNDA:130,(anonymous_16)
DA:5,2
DA:6,236
DA:9,2
DA:10,207
DA:11,1035
DA:14,2
DA:15,26
DA:16,130
DA:19,2
DA:20,1
DA:21,1
DA:24,0
DA:27,2
DA:28,2
DA:29,1
DA:32,1
DA:35,2
DA:36,84
DA:37,420
DA:38,420
DA:42,2
DA:43,56
DA:44,280
DA:46,243
DA:49,365
DA:51,56
DA:52,187
DA:55,71
DA:58,2
DA:59,26
DA:60,130
DA:61,130
LF:32
LH:31
BRDA:20,0,0,1
BRDA:20,0,1,0
BRDA:28,1,0,1
BRDA:28,1,1,1
BRDA:37,2,0,94
BRDA:37,2,1,326
BRDA:60,3,0,46
BRDA:60,3,1,84
BRF:8
BRH:7
end_of_record
TN:
SF:src/lib/game/helpers/utils.ts
FN:1,(anonymous_0)
FNF:1
FNH:1
FNDA:1,(anonymous_0)
DA:1,2
DA:2,1
DA:3,1
LF:3
LH:3
BRF:0
BRH:0
end_of_record
